This is XeTeX, Version 3.14159265-2.6-0.999991 (TeX Live 2019/Debian) (preloaded format=xelatex 2024.5.29)  25 MAR 2025 19:19
entering extended mode
 restricted \write18 enabled.
 %&-line parsing enabled.
**index.tex
(./index.tex
LaTeX2e <2020-02-02> patch level 2
L3 programming layer <2020-02-14> (/usr/share/texlive/texmf-dist/tex/latex/koma
-script/scrreprt.cls
Document Class: scrreprt 2020/01/24 v3.29 KOMA-Script document class (report)
(/usr/share/texlive/texmf-dist/tex/latex/koma-script/scrkbase.sty
Package: scrkbase 2020/01/24 v3.29 KOMA-Script package (KOMA-Script-dependent b
asics and keyval usage)
(/usr/share/texlive/texmf-dist/tex/latex/koma-script/scrbase.sty
Package: scrbase 2020/01/24 v3.29 KOMA-Script package (KOMA-Script-independent 
basics and keyval usage)
(/usr/share/texlive/texmf-dist/tex/latex/graphics/keyval.sty
Package: keyval 2014/10/28 v1.15 key=value parser (DPC)
\KV@toks@=\toks14
) (/usr/share/texlive/texmf-dist/tex/latex/koma-script/scrlfile.sty
Package: scrlfile 2020/01/24 v3.29 KOMA-Script package (loading files)
))) (/usr/share/texlive/texmf-dist/tex/latex/koma-script/tocbasic.sty
Package: tocbasic 2020/01/24 v3.29 KOMA-Script package (handling toc-files)
\scr@dte@tocline@numberwidth=\skip47
\scr@dte@tocline@numbox=\box45
)
Package tocbasic Info: omitting babel extension for `toc'
(tocbasic)             because of feature `nobabel' available
(tocbasic)             for `toc' on input line 137.
Class scrreprt Info: File `scrsize11pt.clo' used instead of
(scrreprt)           file `scrsize11.clo' to setup font sizes on input line 242
1.
(/usr/share/texlive/texmf-dist/tex/latex/koma-script/scrsize11pt.clo
File: scrsize11pt.clo 2020/01/24 v3.29 KOMA-Script font size class option (11pt
)
) (/usr/share/texlive/texmf-dist/tex/latex/koma-script/typearea.sty
Package: typearea 2020/01/24 v3.29 KOMA-Script package (type area)
\ta@bcor=\skip48
\ta@div=\count163
Package typearea Info: You've used standard option `letterpaper'.
(typearea)             This is correct!
(typearea)             Internally I'm using `paper=letter'.
(typearea)             If you'd like to set the option with \KOMAoptions,
(typearea)             you'd have to use `paper=letter' there
(typearea)             instead of `letterpaper', too.
\ta@hblk=\skip49
\ta@vblk=\skip50
\ta@temp=\skip51
\footheight=\skip52
Package typearea Info: These are the values describing the layout:
(typearea)             DIV  = 11
(typearea)             BCOR = 0.0pt
(typearea)             \paperwidth      = 614.295pt
(typearea)              \textwidth      = 446.76004pt
(typearea)              DIV departure   = -14%
(typearea)              \evensidemargin = 11.49748pt
(typearea)              \oddsidemargin  = 11.49748pt
(typearea)             \paperheight     = 794.96999pt
(typearea)              \textheight     = 582.20026pt
(typearea)              \topmargin      = -37.40001pt
(typearea)              \headheight     = 17.0pt
(typearea)              \headsep        = 20.40001pt
(typearea)              \topskip        = 11.0pt
(typearea)              \footskip       = 47.6pt
(typearea)              \baselineskip   = 13.6pt
(typearea)              on input line 1719.
)
\c@part=\count164
\c@chapter=\count165
\c@section=\count166
\c@subsection=\count167
\c@subsubsection=\count168
\c@paragraph=\count169
\c@subparagraph=\count170
\scr@dte@chapter@maxnumwidth=\skip53
Class scrreprt Info: using compatibility default `afterindent=bysign'
(scrreprt)           for `\chapter on input line 5547.
\scr@dte@section@maxnumwidth=\skip54
Class scrreprt Info: using compatibility default `runin=bysign'
(scrreprt)           for `\section on input line 5557.
Class scrreprt Info: using compatibility default `afterindent=bysign'
(scrreprt)           for `\section on input line 5557.
\scr@dte@part@maxnumwidth=\skip55
Class scrreprt Info: using compatibility default `afterindent=true'
(scrreprt)           for `\part on input line 5566.
\scr@dte@subsection@maxnumwidth=\skip56
Class scrreprt Info: using compatibility default `runin=bysign'
(scrreprt)           for `\subsection on input line 5576.
Class scrreprt Info: using compatibility default `afterindent=bysign'
(scrreprt)           for `\subsection on input line 5576.
\scr@dte@subsubsection@maxnumwidth=\skip57
Class scrreprt Info: using compatibility default `runin=bysign'
(scrreprt)           for `\subsubsection on input line 5586.
Class scrreprt Info: using compatibility default `afterindent=bysign'
(scrreprt)           for `\subsubsection on input line 5586.
\scr@dte@paragraph@maxnumwidth=\skip58
Class scrreprt Info: using compatibility default `runin=bysign'
(scrreprt)           for `\paragraph on input line 5596.
Class scrreprt Info: using compatibility default `afterindent=bysign'
(scrreprt)           for `\paragraph on input line 5596.
\scr@dte@subparagraph@maxnumwidth=\skip59
Class scrreprt Info: using compatibility default `runin=bysign'
(scrreprt)           for `\subparagraph on input line 5606.
Class scrreprt Info: using compatibility default `afterindent=bysign'
(scrreprt)           for `\subparagraph on input line 5606.
\abovecaptionskip=\skip60
\belowcaptionskip=\skip61
\c@pti@nb@sid@b@x=\box46
Package tocbasic Info: omitting babel extension for `lof'
(tocbasic)             because of feature `nobabel' available
(tocbasic)             for `lof' on input line 6842.
\scr@dte@figure@maxnumwidth=\skip62
\c@figure=\count171
Package tocbasic Info: omitting babel extension for `lot'
(tocbasic)             because of feature `nobabel' available
(tocbasic)             for `lot' on input line 6859.
\scr@dte@table@maxnumwidth=\skip63
\c@table=\count172
Class scrreprt Info: Redefining `\numberline' on input line 7028.
\bibindent=\dimen134
) (/usr/share/texlive/texmf-dist/tex/latex/amsmath/amsmath.sty
Package: amsmath 2020/01/20 v2.17e AMS math features
\@mathmargin=\skip64
For additional information on amsmath, use the `?' option.
(/usr/share/texlive/texmf-dist/tex/latex/amsmath/amstext.sty
Package: amstext 2000/06/29 v2.01 AMS text
(/usr/share/texlive/texmf-dist/tex/latex/amsmath/amsgen.sty
File: amsgen.sty 1999/11/30 v2.0 generic functions
\@emptytoks=\toks15
\ex@=\dimen135
)) (/usr/share/texlive/texmf-dist/tex/latex/amsmath/amsbsy.sty
Package: amsbsy 1999/11/29 v1.2d Bold Symbols
\pmbraise@=\dimen136
) (/usr/share/texlive/texmf-dist/tex/latex/amsmath/amsopn.sty
Package: amsopn 2016/03/08 v2.02 operator names
)
\inf@bad=\count173
LaTeX Info: Redefining \frac on input line 227.
\uproot@=\count174
\leftroot@=\count175
LaTeX Info: Redefining \overline on input line 389.
\classnum@=\count176
\DOTSCASE@=\count177
LaTeX Info: Redefining \ldots on input line 486.
LaTeX Info: Redefining \dots on input line 489.
LaTeX Info: Redefining \cdots on input line 610.
\Mathstrutbox@=\box47
\strutbox@=\box48
\big@size=\dimen137
LaTeX Font Info:    Redeclaring font encoding OML on input line 733.
LaTeX Font Info:    Redeclaring font encoding OMS on input line 734.
\macc@depth=\count178
\c@MaxMatrixCols=\count179
\dotsspace@=\muskip16
\c@parentequation=\count180
\dspbrk@lvl=\count181
\tag@help=\toks16
\row@=\count182
\column@=\count183
\maxfields@=\count184
\andhelp@=\toks17
\eqnshift@=\dimen138
\alignsep@=\dimen139
\tagshift@=\dimen140
\tagwidth@=\dimen141
\totwidth@=\dimen142
\lineht@=\dimen143
\@envbody=\toks18
\multlinegap=\skip65
\multlinetaggap=\skip66
\mathdisplay@stack=\toks19
LaTeX Info: Redefining \[ on input line 2859.
LaTeX Info: Redefining \] on input line 2860.
) (/usr/share/texlive/texmf-dist/tex/latex/amsfonts/amssymb.sty
Package: amssymb 2013/01/14 v3.01 AMS font symbols
(/usr/share/texlive/texmf-dist/tex/latex/amsfonts/amsfonts.sty
Package: amsfonts 2013/01/14 v3.01 Basic AMSFonts support
\symAMSa=\mathgroup4
\symAMSb=\mathgroup5
LaTeX Font Info:    Redeclaring math symbol \hbar on input line 98.
LaTeX Font Info:    Overwriting math alphabet `\mathfrak' in version `bold'
(Font)                  U/euf/m/n --> U/euf/b/n on input line 106.
)) (/usr/share/texlive/texmf-dist/tex/generic/iftex/iftex.sty
Package: iftex 2019/11/07 v1.0c TeX engine tests
) (/usr/share/texlive/texmf-dist/tex/latex/unicode-math/unicode-math.sty (/usr/
share/texlive/texmf-dist/tex/latex/l3kernel/expl3.sty
Package: expl3 2020-02-14 L3 programming layer (loader) 
(/usr/share/texlive/texmf-dist/tex/latex/l3backend/l3backend-xdvipdfmx.def
File: l3backend-xdvipdfmx.def 2020-02-03 L3 backend support: xdvipdfmx
\g__graphics_track_int=\count185
\l__pdf_internal_box=\box49
\g__pdf_backend_object_int=\count186
\g__pdf_backend_annotation_int=\count187
))
Package: unicode-math 2020/01/31 v0.8q Unicode maths in XeLaTeX and LuaLaTeX
(/usr/share/texlive/texmf-dist/tex/latex/unicode-math/unicode-math-xetex.sty
Package: unicode-math-xetex 2020/01/31 v0.8q Unicode maths in XeLaTeX and LuaLa
TeX
(/usr/share/texlive/texmf-dist/tex/latex/l3packages/xparse/xparse.sty
Package: xparse 2020-02-14 L3 Experimental document command parser
\l__xparse_current_arg_int=\count188
\g__xparse_grabber_int=\count189
\l__xparse_m_args_int=\count190
\l__xparse_v_nesting_int=\count191
) (/usr/share/texlive/texmf-dist/tex/latex/l3packages/l3keys2e/l3keys2e.sty
Package: l3keys2e 2020-02-14 LaTeX2e option processing using LaTeX3 keys
) (/usr/share/texlive/texmf-dist/tex/latex/fontspec/fontspec.sty
Package: fontspec 2020/02/03 v2.7h Font selection for XeLaTeX and LuaLaTeX
(/usr/share/texlive/texmf-dist/tex/latex/fontspec/fontspec-xetex.sty
Package: fontspec-xetex 2020/02/03 v2.7h Font selection for XeLaTeX and LuaLaTe
X
\l__fontspec_script_int=\count192
\l__fontspec_language_int=\count193
\l__fontspec_strnum_int=\count194
\l__fontspec_tmp_int=\count195
\l__fontspec_tmpa_int=\count196
\l__fontspec_tmpb_int=\count197
\l__fontspec_tmpc_int=\count198
\l__fontspec_em_int=\count199
\l__fontspec_emdef_int=\count266
\l__fontspec_strong_int=\count267
\l__fontspec_strongdef_int=\count268
\l__fontspec_tmpa_dim=\dimen144
\l__fontspec_tmpb_dim=\dimen145
\l__fontspec_tmpc_dim=\dimen146
(/usr/share/texlive/texmf-dist/tex/latex/base/fontenc.sty
Package: fontenc 2020/02/11 v2.0o Standard LaTeX package
) (/usr/share/texlive/texmf-dist/tex/latex/fontspec/fontspec.cfg))) (/usr/share
/texlive/texmf-dist/tex/latex/base/fix-cm.sty
Package: fix-cm 2015/01/14 v1.1t fixes to LaTeX
(/usr/share/texlive/texmf-dist/tex/latex/base/ts1enc.def
File: ts1enc.def 2001/06/05 v3.0e (jk/car/fm) Standard LaTeX file
LaTeX Font Info:    Redeclaring font encoding TS1 on input line 47.
))
\g__um_fam_int=\count269
\g__um_fonts_used_int=\count270
\l__um_primecount_int=\count271
\g__um_primekern_muskip=\muskip17
(/usr/share/texlive/texmf-dist/tex/latex/unicode-math/unicode-math-table.tex)))
(/usr/share/texmf/tex/latex/lm/lmodern.sty
Package: lmodern 2009/10/30 v1.6 Latin Modern Fonts
LaTeX Font Info:    Overwriting symbol font `operators' in version `normal'
(Font)                  OT1/cmr/m/n --> OT1/lmr/m/n on input line 22.
LaTeX Font Info:    Overwriting symbol font `letters' in version `normal'
(Font)                  OML/cmm/m/it --> OML/lmm/m/it on input line 23.
LaTeX Font Info:    Overwriting symbol font `symbols' in version `normal'
(Font)                  OMS/cmsy/m/n --> OMS/lmsy/m/n on input line 24.
LaTeX Font Info:    Overwriting symbol font `largesymbols' in version `normal'
(Font)                  OMX/cmex/m/n --> OMX/lmex/m/n on input line 25.
LaTeX Font Info:    Overwriting symbol font `operators' in version `bold'
(Font)                  OT1/cmr/bx/n --> OT1/lmr/bx/n on input line 26.
LaTeX Font Info:    Overwriting symbol font `letters' in version `bold'
(Font)                  OML/cmm/b/it --> OML/lmm/b/it on input line 27.
LaTeX Font Info:    Overwriting symbol font `symbols' in version `bold'
(Font)                  OMS/cmsy/b/n --> OMS/lmsy/b/n on input line 28.
LaTeX Font Info:    Overwriting symbol font `largesymbols' in version `bold'
(Font)                  OMX/cmex/m/n --> OMX/lmex/m/n on input line 29.
LaTeX Font Info:    Overwriting math alphabet `\mathbf' in version `normal'
(Font)                  OT1/cmr/bx/n --> OT1/lmr/bx/n on input line 31.
LaTeX Font Info:    Overwriting math alphabet `\mathsf' in version `normal'
(Font)                  OT1/cmss/m/n --> OT1/lmss/m/n on input line 32.
LaTeX Font Info:    Overwriting math alphabet `\mathit' in version `normal'
(Font)                  OT1/cmr/m/it --> OT1/lmr/m/it on input line 33.
LaTeX Font Info:    Overwriting math alphabet `\mathtt' in version `normal'
(Font)                  OT1/cmtt/m/n --> OT1/lmtt/m/n on input line 34.
LaTeX Font Info:    Overwriting math alphabet `\mathbf' in version `bold'
(Font)                  OT1/cmr/bx/n --> OT1/lmr/bx/n on input line 35.
LaTeX Font Info:    Overwriting math alphabet `\mathsf' in version `bold'
(Font)                  OT1/cmss/bx/n --> OT1/lmss/bx/n on input line 36.
LaTeX Font Info:    Overwriting math alphabet `\mathit' in version `bold'
(Font)                  OT1/cmr/bx/it --> OT1/lmr/bx/it on input line 37.
LaTeX Font Info:    Overwriting math alphabet `\mathtt' in version `bold'
(Font)                  OT1/cmtt/m/n --> OT1/lmtt/m/n on input line 38.
) (/usr/share/texlive/texmf-dist/tex/latex/upquote/upquote.sty
Package: upquote 2012/04/19 v1.3 upright-quote and grave-accent glyphs in verba
tim
(/usr/share/texlive/texmf-dist/tex/latex/base/textcomp.sty
Package: textcomp 2020/02/02 v2.0n Standard LaTeX package
)) (/usr/share/texlive/texmf-dist/tex/latex/microtype/microtype.sty
Package: microtype 2019/11/18 v2.7d Micro-typographical refinements (RS)
\MT@toks=\toks20
\MT@count=\count272
LaTeX Info: Redefining \textls on input line 790.
\MT@outer@kern=\dimen147
LaTeX Info: Redefining \textmicrotypecontext on input line 1354.
\MT@listname@count=\count273
(/usr/share/texlive/texmf-dist/tex/latex/microtype/microtype-xetex.def
File: microtype-xetex.def 2019/11/18 v2.7d Definitions specific to xetex (RS)
LaTeX Info: Redefining \lsstyle on input line 258.
)
Package microtype Info: Loading configuration file microtype.cfg.
(/usr/share/texlive/texmf-dist/tex/latex/microtype/microtype.cfg
File: microtype.cfg 2019/11/18 v2.7d microtype main configuration file (RS)
)) (/usr/share/texlive/texmf-dist/tex/latex/xcolor/xcolor.sty
Package: xcolor 2016/05/11 v2.12 LaTeX color extensions (UK)
(/usr/share/texlive/texmf-dist/tex/latex/graphics-cfg/color.cfg
File: color.cfg 2016/01/02 v1.6 sample color configuration
)
Package xcolor Info: Driver file: xetex.def on input line 225.
(/usr/share/texlive/texmf-dist/tex/latex/graphics-def/xetex.def
File: xetex.def 2017/06/24 v5.0h Graphics/color driver for xetex
)
Package xcolor Info: Model `cmy' substituted by `cmy0' on input line 1348.
Package xcolor Info: Model `RGB' extended on input line 1364.
Package xcolor Info: Model `HTML' substituted by `rgb' on input line 1366.
Package xcolor Info: Model `Hsb' substituted by `hsb' on input line 1367.
Package xcolor Info: Model `tHsb' substituted by `hsb' on input line 1368.
Package xcolor Info: Model `HSB' substituted by `hsb' on input line 1369.
Package xcolor Info: Model `Gray' substituted by `gray' on input line 1370.
Package xcolor Info: Model `wave' substituted by `hsb' on input line 1371.
(/usr/share/texlive/texmf-dist/tex/latex/graphics/dvipsnam.def
File: dvipsnam.def 2016/06/17 v3.0m Driver-dependent file (DPC,SPQR)
) (/usr/share/texlive/texmf-dist/tex/latex/xcolor/svgnam.def
File: svgnam.def 2016/05/11 v2.12 Predefined colors according to SVG 1.1 (UK)
) (/usr/share/texlive/texmf-dist/tex/latex/xcolor/x11nam.def
File: x11nam.def 2016/05/11 v2.12 Predefined colors according to Unix/X11 (UK)
)) (/usr/share/texlive/texmf-dist/tex/latex/fancyvrb/fancyvrb.sty
Package: fancyvrb 2020/01/13 v3.5 verbatim text (tvz,hv)
\FV@CodeLineNo=\count274
\FV@InFile=\read2
\FV@TabBox=\box50
\c@FancyVerbLine=\count275
\FV@StepNumber=\count276
\FV@OutFile=\write3
) (/usr/share/texlive/texmf-dist/tex/latex/framed/framed.sty
Package: framed 2011/10/22 v 0.96: framed or shaded text with page breaks
\OuterFrameSep=\skip67
\fb@frw=\dimen148
\fb@frh=\dimen149
\FrameRule=\dimen150
\FrameSep=\dimen151
) (/usr/share/texlive/texmf-dist/tex/latex/tools/longtable.sty
Package: longtable 2020/01/07 v4.13 Multi-page Table package (DPC)
\LTleft=\skip68
\LTright=\skip69
\LTpre=\skip70
\LTpost=\skip71
\LTchunksize=\count277
\LTcapwidth=\dimen152
\LT@head=\box51
\LT@firsthead=\box52
\LT@foot=\box53
\LT@lastfoot=\box54
\LT@cols=\count278
\LT@rows=\count279
\c@LT@tables=\count280
\c@LT@chunks=\count281
\LT@p@ftn=\toks21
)
Class scrreprt Info: longtable captions redefined on input line 112.
(/usr/share/texlive/texmf-dist/tex/latex/booktabs/booktabs.sty
Package: booktabs 2020/01/12 v1.61803398 Publication quality tables
\heavyrulewidth=\dimen153
\lightrulewidth=\dimen154
\cmidrulewidth=\dimen155
\belowrulesep=\dimen156
\belowbottomsep=\dimen157
\aboverulesep=\dimen158
\abovetopsep=\dimen159
\cmidrulesep=\dimen160
\cmidrulekern=\dimen161
\defaultaddspace=\dimen162
\@cmidla=\count282
\@cmidlb=\count283
\@aboverulesep=\dimen163
\@belowrulesep=\dimen164
\@thisruleclass=\count284
\@lastruleclass=\count285
\@thisrulewidth=\dimen165
) (/usr/share/texlive/texmf-dist/tex/latex/tools/array.sty
Package: array 2019/08/31 v2.4l Tabular extension package (FMi)
\col@sep=\dimen166
\ar@mcellbox=\box55
\extrarowheight=\dimen167
\NC@list=\toks22
\extratabsurround=\skip72
\backup@length=\skip73
\ar@cellbox=\box56
) (/usr/share/texlive/texmf-dist/tex/latex/tools/calc.sty
Package: calc 2017/05/25 v4.3 Infix arithmetic (KKT,FJ)
\calc@Acount=\count286
\calc@Bcount=\count287
\calc@Adimen=\dimen168
\calc@Bdimen=\dimen169
\calc@Askip=\skip74
\calc@Bskip=\skip75
LaTeX Info: Redefining \setlength on input line 80.
LaTeX Info: Redefining \addtolength on input line 81.
\calc@Ccount=\count288
\calc@Cskip=\skip76
) (/usr/share/texlive/texmf-dist/tex/latex/etoolbox/etoolbox.sty
Package: etoolbox 2019/09/21 v2.5h e-TeX tools for LaTeX (JAW)
\etb@tempcnta=\count289
) (/usr/share/texlive/texmf-dist/tex/latex/footnotehyper/footnotehyper.sty
Package: footnotehyper 2019/11/07 v1.1a hyperref aware footnote.sty (JFB)
\FNH@notes=\box57
\FNH@width=\dimen170
) (/usr/share/texlive/texmf-dist/tex/latex/graphics/graphicx.sty
Package: graphicx 2019/11/30 v1.2a Enhanced LaTeX Graphics (DPC,SPQR)
(/usr/share/texlive/texmf-dist/tex/latex/graphics/graphics.sty
Package: graphics 2019/11/30 v1.4a Standard LaTeX Graphics (DPC,SPQR)
(/usr/share/texlive/texmf-dist/tex/latex/graphics/trig.sty
Package: trig 2016/01/03 v1.10 sin cos tan (DPC)
) (/usr/share/texlive/texmf-dist/tex/latex/graphics-cfg/graphics.cfg
File: graphics.cfg 2016/06/04 v1.11 sample graphics configuration
)
Package graphics Info: Driver file: xetex.def on input line 105.
)
\Gin@req@height=\dimen171
\Gin@req@width=\dimen172
)
\pandoc@box=\box58
(/usr/share/texlive/texmf-dist/tex/latex/bookmark/bookmark.sty
Package: bookmark 2019/12/03 v1.28 PDF bookmarks (HO)
(/usr/share/texlive/texmf-dist/tex/latex/hyperref/hyperref.sty
Package: hyperref 2020/01/14 v7.00d Hypertext links for LaTeX
(/usr/share/texlive/texmf-dist/tex/generic/ltxcmds/ltxcmds.sty
Package: ltxcmds 2019/12/15 v1.24 LaTeX kernel commands for general use (HO)
) (/usr/share/texlive/texmf-dist/tex/latex/pdftexcmds/pdftexcmds.sty
Package: pdftexcmds 2019/11/24 v0.31 Utility functions of pdfTeX for LuaTeX (HO
)
(/usr/share/texlive/texmf-dist/tex/generic/infwarerr/infwarerr.sty
Package: infwarerr 2019/12/03 v1.5 Providing info/warning/error messages (HO)
)
Package pdftexcmds Info: \pdf@primitive is available.
Package pdftexcmds Info: \pdf@ifprimitive is available.
Package pdftexcmds Info: \pdfdraftmode not found.
) (/usr/share/texlive/texmf-dist/tex/generic/kvsetkeys/kvsetkeys.sty
Package: kvsetkeys 2019/12/15 v1.18 Key value parser (HO)
) (/usr/share/texlive/texmf-dist/tex/generic/kvdefinekeys/kvdefinekeys.sty
Package: kvdefinekeys 2019-12-19 v1.6 Define keys (HO)
) (/usr/share/texlive/texmf-dist/tex/generic/pdfescape/pdfescape.sty
Package: pdfescape 2019/12/09 v1.15 Implements pdfTeX's escape features (HO)
) (/usr/share/texlive/texmf-dist/tex/latex/hycolor/hycolor.sty
Package: hycolor 2020-01-27 v1.10 Color options for hyperref/bookmark (HO)
) (/usr/share/texlive/texmf-dist/tex/latex/letltxmacro/letltxmacro.sty
Package: letltxmacro 2019/12/03 v1.6 Let assignment for LaTeX macros (HO)
) (/usr/share/texlive/texmf-dist/tex/latex/auxhook/auxhook.sty
Package: auxhook 2019-12-17 v1.6 Hooks for auxiliary files (HO)
) (/usr/share/texlive/texmf-dist/tex/latex/kvoptions/kvoptions.sty
Package: kvoptions 2019/11/29 v3.13 Key value format for package options (HO)
)
\@linkdim=\dimen173
\Hy@linkcounter=\count290
\Hy@pagecounter=\count291
(/usr/share/texlive/texmf-dist/tex/latex/hyperref/pd1enc.def
File: pd1enc.def 2020/01/14 v7.00d Hyperref: PDFDocEncoding definition (HO)
) (/usr/share/texlive/texmf-dist/tex/generic/intcalc/intcalc.sty
Package: intcalc 2019/12/15 v1.3 Expandable calculations with integers (HO)
) (/usr/share/texlive/texmf-dist/tex/generic/etexcmds/etexcmds.sty
Package: etexcmds 2019/12/15 v1.7 Avoid name clashes with e-TeX commands (HO)
)
\Hy@SavedSpaceFactor=\count292
Package hyperref Info: Option `unicode' set `true' on input line 4421.
(/usr/share/texlive/texmf-dist/tex/latex/hyperref/puenc.def
File: puenc.def 2020/01/14 v7.00d Hyperref: PDF Unicode definition (HO)
)
Package hyperref Info: Hyper figures OFF on input line 4547.
Package hyperref Info: Link nesting OFF on input line 4552.
Package hyperref Info: Hyper index ON on input line 4555.
Package hyperref Info: Plain pages OFF on input line 4562.
Package hyperref Info: Backreferencing OFF on input line 4567.
Package hyperref Info: Implicit mode ON; LaTeX internals redefined.
Package hyperref Info: Bookmarks ON on input line 4800.
\c@Hy@tempcnt=\count293
(/usr/share/texlive/texmf-dist/tex/latex/url/url.sty
\Urlmuskip=\muskip18
Package: url 2013/09/16  ver 3.4  Verb mode for urls, etc.
)
LaTeX Info: Redefining \url on input line 5159.
\XeTeXLinkMargin=\dimen174
(/usr/share/texlive/texmf-dist/tex/generic/bitset/bitset.sty
Package: bitset 2019/12/09 v1.3 Handle bit-vector datatype (HO)
(/usr/share/texlive/texmf-dist/tex/generic/bigintcalc/bigintcalc.sty
Package: bigintcalc 2019/12/15 v1.5 Expandable calculations on big integers (HO
)
))
\Fld@menulength=\count294
\Field@Width=\dimen175
\Fld@charsize=\dimen176
Package hyperref Info: Hyper figures OFF on input line 6430.
Package hyperref Info: Link nesting OFF on input line 6435.
Package hyperref Info: Hyper index ON on input line 6438.
Package hyperref Info: backreferencing OFF on input line 6445.
Package hyperref Info: Link coloring OFF on input line 6450.
Package hyperref Info: Link coloring with OCG OFF on input line 6455.
Package hyperref Info: PDF/A mode OFF on input line 6460.
LaTeX Info: Redefining \ref on input line 6500.
LaTeX Info: Redefining \pageref on input line 6504.
(/usr/share/texlive/texmf-dist/tex/generic/atbegshi/atbegshi.sty
Package: atbegshi 2019/12/05 v1.19 At begin shipout hook (HO)
)
\Hy@abspage=\count295
\c@Item=\count296
\c@Hfootnote=\count297
)
Package hyperref Info: Driver (autodetected): hxetex.
(/usr/share/texlive/texmf-dist/tex/latex/hyperref/hxetex.def
File: hxetex.def 2020/01/14 v7.00d Hyperref driver for XeTeX
(/usr/share/texlive/texmf-dist/tex/generic/stringenc/stringenc.sty
Package: stringenc 2019/11/29 v1.12 Convert strings between diff. encodings (HO
)
)
\pdfm@box=\box59
\c@Hy@AnnotLevel=\count298
\HyField@AnnotCount=\count299
\Fld@listcount=\count300
\c@bookmark@seq@number=\count301
(/usr/share/texlive/texmf-dist/tex/latex/rerunfilecheck/rerunfilecheck.sty
Package: rerunfilecheck 2019/12/05 v1.9 Rerun checks for auxiliary files (HO)
(/usr/share/texlive/texmf-dist/tex/latex/atveryend/atveryend.sty
Package: atveryend 2019-12-11 v1.11 Hooks at the very end of document (HO)
) (/usr/share/texlive/texmf-dist/tex/generic/uniquecounter/uniquecounter.sty
Package: uniquecounter 2019/12/15 v1.4 Provide unlimited unique counter (HO)
)
Package uniquecounter Info: New unique counter `rerunfilecheck' on input line 2
86.
)
\Hy@SectionHShift=\skip77
) (/usr/share/texlive/texmf-dist/tex/latex/bookmark/bkm-dvipdfm.def
File: bkm-dvipdfm.def 2019/12/03 v1.28 bookmark driver for dvipdfm (HO)
\BKM@id=\count302
)) (/usr/share/texlive/texmf-dist/tex/latex/caption/caption.sty
Package: caption 2020/01/03 v3.4h Customizing captions (AR)
(/usr/share/texlive/texmf-dist/tex/latex/caption/caption3.sty
Package: caption3 2020/01/03 v1.8h caption3 kernel (AR)
Package caption3 Info: TeX engine: e-TeX on input line 61.
\captionmargin=\dimen177
\captionmargin@=\dimen178
\captionwidth=\dimen179
\caption@tempdima=\dimen180
\caption@indent=\dimen181
\caption@parindent=\dimen182
\caption@hangindent=\dimen183
Package caption Info: KOMA-Script document class detected.
)
Package caption Info: KOMA-Script document class.
\c@caption@flags=\count303
\c@continuedfloat=\count304
Package caption Info: hyperref package is loaded.
Package caption Info: longtable package is loaded.
(/usr/share/texlive/texmf-dist/tex/latex/caption/ltcaption.sty
Package: ltcaption 2018/08/26 v1.4a longtable captions (AR)
)) (/usr/share/texlive/texmf-dist/tex/latex/float/float.sty
Package: float 2001/11/08 v1.3d Float enhancements (AL)
\c@float@type=\count305
\float@exts=\toks23
\float@box=\box60
\@float@everytoks=\toks24
\@floatcapt=\box61
)
\@float@every@codelisting=\toks25
\c@codelisting=\count306
(/usr/share/texlive/texmf-dist/tex/latex/caption/subcaption.sty
Package: subcaption 2020/01/22 v1.3d Sub-captions (AR)
\c@subfigure=\count307
\c@subtable=\count308
) (/usr/share/texlive/texmf-dist/tex/latex/xurl/xurl.sty
Package: xurl 2020/01/24 v 0.09 modify URL breaks
)
Package hyperref Info: Option `colorlinks' set `true' on input line 195.
No file index.aux.
\openout1 = `index.aux'.

LaTeX Font Info:    Checking defaults for OML/cmm/m/it on input line 202.
LaTeX Font Info:    ... okay on input line 202.
LaTeX Font Info:    Checking defaults for OMS/cmsy/m/n on input line 202.
LaTeX Font Info:    ... okay on input line 202.
LaTeX Font Info:    Checking defaults for OT1/cmr/m/n on input line 202.
LaTeX Font Info:    ... okay on input line 202.
LaTeX Font Info:    Checking defaults for T1/cmr/m/n on input line 202.
LaTeX Font Info:    ... okay on input line 202.
LaTeX Font Info:    Checking defaults for TS1/cmr/m/n on input line 202.
LaTeX Font Info:    ... okay on input line 202.
LaTeX Font Info:    Checking defaults for TU/lmr/m/n on input line 202.
LaTeX Font Info:    ... okay on input line 202.
LaTeX Font Info:    Checking defaults for OMX/cmex/m/n on input line 202.
LaTeX Font Info:    ... okay on input line 202.
LaTeX Font Info:    Checking defaults for U/cmr/m/n on input line 202.
LaTeX Font Info:    ... okay on input line 202.
LaTeX Font Info:    Checking defaults for PD1/pdf/m/n on input line 202.
LaTeX Font Info:    ... okay on input line 202.
LaTeX Font Info:    Checking defaults for PU/pdf/m/n on input line 202.
LaTeX Font Info:    ... okay on input line 202.
Package scrbase Info: activating english \contentsname on input line 202.
Package scrbase Info: activating english \listfigurename on input line 202.
Package scrbase Info: activating english \listtablename on input line 202.
LaTeX Font Info:    Overwriting math alphabet `\mathrm' in version `normal'
(Font)                  OT1/lmr/m/n --> TU/lmr/m/n on input line 202.
LaTeX Font Info:    Overwriting math alphabet `\mathit' in version `normal'
(Font)                  OT1/lmr/m/it --> TU/lmr/m/it on input line 202.
LaTeX Font Info:    Overwriting math alphabet `\mathbf' in version `normal'
(Font)                  OT1/lmr/bx/n --> TU/lmr/bx/n on input line 202.
LaTeX Font Info:    Overwriting math alphabet `\mathsf' in version `normal'
(Font)                  OT1/lmss/m/n --> TU/lmss/m/n on input line 202.
LaTeX Font Info:    Overwriting math alphabet `\mathsf' in version `bold'
(Font)                  OT1/lmss/bx/n --> TU/lmss/bx/n on input line 202.
LaTeX Font Info:    Overwriting math alphabet `\mathtt' in version `normal'
(Font)                  OT1/lmtt/m/n --> TU/lmtt/m/n on input line 202.
LaTeX Font Info:    Overwriting math alphabet `\mathtt' in version `bold'
(Font)                  OT1/lmtt/m/n --> TU/lmtt/bx/n on input line 202.

Package fontspec Info: latinmodern-math scale = 0.9999967668407183.


Package fontspec Info: latinmodern-math scale = 0.9999967668407183.


Package fontspec Info: latinmodern-math scale = 0.9999967668407183.


Package fontspec Info: Font family 'latinmodern-math.otf(0)' created for font
(fontspec)             'latinmodern-math.otf' with options
(fontspec)             [Scale=MatchLowercase,BoldItalicFont={},ItalicFont={},Sm
allCapsFont={},Script=Math,BoldFont={latinmodern-math.otf}].
(fontspec)              
(fontspec)              This font family consists of the following NFSS
(fontspec)             series/shapes:
(fontspec)              
(fontspec)             - 'normal' (m/n) with NFSS spec.:
(fontspec)             <->s*[0.9999967668407183]"[latinmodern-math.otf]/OT:scri
pt=math;language=dflt;"
(fontspec)             - 'small caps'  (m/sc) with NFSS spec.: 
(fontspec)             - 'bold' (b/n) with NFSS spec.:
(fontspec)             <->s*[0.9999967668407183]"[latinmodern-math.otf]/OT:scri
pt=math;language=dflt;"
(fontspec)             - 'bold small caps'  (b/sc) with NFSS spec.: 

LaTeX Font Info:    Font shape `TU/latinmodern-math.otf(0)/m/n' will be
(Font)              scaled to size 10.95pt on input line 202.

Package fontspec Info: latinmodern-math scale = 0.9999967668407183.


Package fontspec Info: latinmodern-math scale = 0.9999967668407183.


Package fontspec Info: latinmodern-math scale = 0.9999967668407183.


Package fontspec Info: latinmodern-math scale = 0.9999967668407183.


Package fontspec Info: latinmodern-math scale = 0.9999967668407183.


Package fontspec Info: Font family 'latinmodern-math.otf(1)' created for font
(fontspec)             'latinmodern-math.otf' with options
(fontspec)             [Scale=MatchLowercase,BoldItalicFont={},ItalicFont={},Sm
allCapsFont={},Script=Math,SizeFeatures={{Size=9.3075-},{Size=6.57-9.3075,Font=
latinmodern-math.otf,Style=MathScript},{Size=-6.57,Font=latinmodern-math.otf,St
yle=MathScriptScript}},BoldFont={latinmodern-math.otf}].
(fontspec)              
(fontspec)              This font family consists of the following NFSS
(fontspec)             series/shapes:
(fontspec)              
(fontspec)             - 'normal' (m/n) with NFSS spec.:
(fontspec)             <9.3075->s*[0.9999967668407183]"[latinmodern-math.otf]/O
T:script=math;language=dflt;"<6.57-9.3075>s*[0.9999967668407183]"[latinmodern-m
ath.otf]/OT:script=math;language=dflt;+ssty=0;"<-6.57>s*[0.9999967668407183]"[l
atinmodern-math.otf]/OT:script=math;language=dflt;+ssty=1;"
(fontspec)             - 'small caps'  (m/sc) with NFSS spec.: 
(fontspec)             - 'bold' (b/n) with NFSS spec.:
(fontspec)             <->s*[0.9999967668407183]"[latinmodern-math.otf]/OT:scri
pt=math;language=dflt;"
(fontspec)             - 'bold small caps'  (b/sc) with NFSS spec.: 

LaTeX Font Info:    Font shape `TU/latinmodern-math.otf(1)/m/n' will be
(Font)              scaled to size 10.95pt on input line 202.
LaTeX Font Info:    Encoding `OT1' has changed to `TU' for symbol font
(Font)              `operators' in the math version `normal' on input line 202.

LaTeX Font Info:    Overwriting symbol font `operators' in version `normal'
(Font)                  OT1/lmr/m/n --> TU/latinmodern-math.otf(1)/m/n on input
 line 202.
LaTeX Font Info:    Encoding `OT1' has changed to `TU' for symbol font
(Font)              `operators' in the math version `bold' on input line 202.
LaTeX Font Info:    Overwriting symbol font `operators' in version `bold'
(Font)                  OT1/lmr/bx/n --> TU/latinmodern-math.otf(1)/b/n on inpu
t line 202.

Package fontspec Info: latinmodern-math scale = 0.9999967668407183.


Package fontspec Info: latinmodern-math scale = 1.000096766517402.


Package fontspec Info: latinmodern-math scale = 0.9999967668407183.


Package fontspec Info: latinmodern-math scale = 1.000096766517402.


Package fontspec Info: latinmodern-math scale = 0.9999967668407183.


Package fontspec Info: latinmodern-math scale = 1.000096766517402.


Package fontspec Info: latinmodern-math scale = 0.9999967668407183.


Package fontspec Info: latinmodern-math scale = 1.000096766517402.


Package fontspec Info: latinmodern-math scale = 0.9999967668407183.


Package fontspec Info: latinmodern-math scale = 1.000096766517402.


Package fontspec Info: Font family 'latinmodern-math.otf(2)' created for font
(fontspec)             'latinmodern-math.otf' with options
(fontspec)             [Scale=MatchLowercase,BoldItalicFont={},ItalicFont={},Sm
allCapsFont={},Script=Math,SizeFeatures={{Size=9.3075-},{Size=6.57-9.3075,Font=
latinmodern-math.otf,Style=MathScript},{Size=-6.57,Font=latinmodern-math.otf,St
yle=MathScriptScript}},BoldFont={latinmodern-math.otf},ScaleAgain=1.0001,FontAd
justment={\fontdimen
(fontspec)             8\font =7.41315pt\relax \fontdimen 9\font
(fontspec)             =4.3143pt\relax \fontdimen 10\font =4.8618pt\relax
(fontspec)             \fontdimen 11\font =7.5117pt\relax \fontdimen 12\font
(fontspec)             =3.77776pt\relax \fontdimen 13\font =3.97485pt\relax
(fontspec)             \fontdimen 14\font =3.97485pt\relax \fontdimen 15\font
(fontspec)             =3.16455pt\relax \fontdimen 16\font =2.70465pt\relax
(fontspec)             \fontdimen 17\font =2.70465pt\relax \fontdimen 18\font
(fontspec)             =2.7375pt\relax \fontdimen 19\font =2.19pt\relax
(fontspec)             \fontdimen 22\font =2.7375pt\relax \fontdimen 20\font
(fontspec)             =0pt\relax \fontdimen 21\font =0pt\relax }].
(fontspec)              
(fontspec)              This font family consists of the following NFSS
(fontspec)             series/shapes:
(fontspec)              
(fontspec)             - 'normal' (m/n) with NFSS spec.:
(fontspec)             <9.3075->s*[1.000096766517402]"[latinmodern-math.otf]/OT
:script=math;language=dflt;"<6.57-9.3075>s*[1.000096766517402]"[latinmodern-mat
h.otf]/OT:script=math;language=dflt;+ssty=0;"<-6.57>s*[1.000096766517402]"[lati
nmodern-math.otf]/OT:script=math;language=dflt;+ssty=1;"
(fontspec)             - 'small caps'  (m/sc) with NFSS spec.: 
(fontspec)             and font adjustment code:
(fontspec)             \fontdimen 8\font =7.41315pt\relax \fontdimen 9\font
(fontspec)             =4.3143pt\relax \fontdimen 10\font =4.8618pt\relax
(fontspec)             \fontdimen 11\font =7.5117pt\relax \fontdimen 12\font
(fontspec)             =3.77776pt\relax \fontdimen 13\font =3.97485pt\relax
(fontspec)             \fontdimen 14\font =3.97485pt\relax \fontdimen 15\font
(fontspec)             =3.16455pt\relax \fontdimen 16\font =2.70465pt\relax
(fontspec)             \fontdimen 17\font =2.70465pt\relax \fontdimen 18\font
(fontspec)             =2.7375pt\relax \fontdimen 19\font =2.19pt\relax
(fontspec)             \fontdimen 22\font =2.7375pt\relax \fontdimen 20\font
(fontspec)             =0pt\relax \fontdimen 21\font =0pt\relax 
(fontspec)             - 'bold' (b/n) with NFSS spec.:
(fontspec)             <->s*[1.000096766517402]"[latinmodern-math.otf]/OT:scrip
t=math;language=dflt;"
(fontspec)             - 'bold small caps'  (b/sc) with NFSS spec.: 
(fontspec)             and font adjustment code:
(fontspec)             \fontdimen 8\font =7.41315pt\relax \fontdimen 9\font
(fontspec)             =4.3143pt\relax \fontdimen 10\font =4.8618pt\relax
(fontspec)             \fontdimen 11\font =7.5117pt\relax \fontdimen 12\font
(fontspec)             =3.77776pt\relax \fontdimen 13\font =3.97485pt\relax
(fontspec)             \fontdimen 14\font =3.97485pt\relax \fontdimen 15\font
(fontspec)             =3.16455pt\relax \fontdimen 16\font =2.70465pt\relax
(fontspec)             \fontdimen 17\font =2.70465pt\relax \fontdimen 18\font
(fontspec)             =2.7375pt\relax \fontdimen 19\font =2.19pt\relax
(fontspec)             \fontdimen 22\font =2.7375pt\relax \fontdimen 20\font
(fontspec)             =0pt\relax \fontdimen 21\font =0pt\relax 

LaTeX Font Info:    Encoding `OMS' has changed to `TU' for symbol font
(Font)              `symbols' in the math version `normal' on input line 202.
LaTeX Font Info:    Overwriting symbol font `symbols' in version `normal'
(Font)                  OMS/lmsy/m/n --> TU/latinmodern-math.otf(2)/m/n on inpu
t line 202.
LaTeX Font Info:    Encoding `OMS' has changed to `TU' for symbol font
(Font)              `symbols' in the math version `bold' on input line 202.
LaTeX Font Info:    Overwriting symbol font `symbols' in version `bold'
(Font)                  OMS/lmsy/b/n --> TU/latinmodern-math.otf(2)/b/n on inpu
t line 202.

Package fontspec Info: latinmodern-math scale = 0.9999967668407183.


Package fontspec Info: latinmodern-math scale = 0.9998967671640342.


Package fontspec Info: latinmodern-math scale = 0.9999967668407183.


Package fontspec Info: latinmodern-math scale = 0.9998967671640342.


Package fontspec Info: latinmodern-math scale = 0.9999967668407183.


Package fontspec Info: latinmodern-math scale = 0.9998967671640342.


Package fontspec Info: latinmodern-math scale = 0.9999967668407183.


Package fontspec Info: latinmodern-math scale = 0.9998967671640342.


Package fontspec Info: latinmodern-math scale = 0.9999967668407183.


Package fontspec Info: latinmodern-math scale = 0.9998967671640342.


Package fontspec Info: Font family 'latinmodern-math.otf(3)' created for font
(fontspec)             'latinmodern-math.otf' with options
(fontspec)             [Scale=MatchLowercase,BoldItalicFont={},ItalicFont={},Sm
allCapsFont={},Script=Math,SizeFeatures={{Size=9.3075-},{Size=6.57-9.3075,Font=
latinmodern-math.otf,Style=MathScript},{Size=-6.57,Font=latinmodern-math.otf,St
yle=MathScriptScript}},BoldFont={latinmodern-math.otf},ScaleAgain=0.9999,FontAd
justment={\fontdimen
(fontspec)             8\font =0.438pt\relax \fontdimen 9\font =2.19pt\relax
(fontspec)             \fontdimen 10\font =1.82864pt\relax \fontdimen 11\font
(fontspec)             =1.21545pt\relax \fontdimen 12\font =6.56999pt\relax
(fontspec)             \fontdimen 13\font =0pt\relax }].
(fontspec)              
(fontspec)              This font family consists of the following NFSS
(fontspec)             series/shapes:
(fontspec)              
(fontspec)             - 'normal' (m/n) with NFSS spec.:
(fontspec)             <9.3075->s*[0.9998967671640342]"[latinmodern-math.otf]/O
T:script=math;language=dflt;"<6.57-9.3075>s*[0.9998967671640342]"[latinmodern-m
ath.otf]/OT:script=math;language=dflt;+ssty=0;"<-6.57>s*[0.9998967671640342]"[l
atinmodern-math.otf]/OT:script=math;language=dflt;+ssty=1;"
(fontspec)             - 'small caps'  (m/sc) with NFSS spec.: 
(fontspec)             and font adjustment code:
(fontspec)             \fontdimen 8\font =0.438pt\relax \fontdimen 9\font
(fontspec)             =2.19pt\relax \fontdimen 10\font =1.82864pt\relax
(fontspec)             \fontdimen 11\font =1.21545pt\relax \fontdimen 12\font
(fontspec)             =6.56999pt\relax \fontdimen 13\font =0pt\relax 
(fontspec)             - 'bold' (b/n) with NFSS spec.:
(fontspec)             <->s*[0.9998967671640342]"[latinmodern-math.otf]/OT:scri
pt=math;language=dflt;"
(fontspec)             - 'bold small caps'  (b/sc) with NFSS spec.: 
(fontspec)             and font adjustment code:
(fontspec)             \fontdimen 8\font =0.438pt\relax \fontdimen 9\font
(fontspec)             =2.19pt\relax \fontdimen 10\font =1.82864pt\relax
(fontspec)             \fontdimen 11\font =1.21545pt\relax \fontdimen 12\font
(fontspec)             =6.56999pt\relax \fontdimen 13\font =0pt\relax 

LaTeX Font Info:    Encoding `OMX' has changed to `TU' for symbol font
(Font)              `largesymbols' in the math version `normal' on input line 2
02.
LaTeX Font Info:    Overwriting symbol font `largesymbols' in version `normal'
(Font)                  OMX/lmex/m/n --> TU/latinmodern-math.otf(3)/m/n on inpu
t line 202.
LaTeX Font Info:    Encoding `OMX' has changed to `TU' for symbol font
(Font)              `largesymbols' in the math version `bold' on input line 202
.
LaTeX Font Info:    Overwriting symbol font `largesymbols' in version `bold'
(Font)                  OMX/lmex/m/n --> TU/latinmodern-math.otf(3)/b/n on inpu
t line 202.
LaTeX Info: Redefining \microtypecontext on input line 202.
Package microtype Info: Character protrusion enabled (level 2).
Package microtype Info: Using protrusion set `basicmath'.
Package microtype Info: No adjustment of tracking.
Package microtype Info: No adjustment of spacing.
Package microtype Info: No adjustment of kerning.
(/usr/share/texlive/texmf-dist/tex/latex/microtype/mt-LatinModernRoman.cfg
File: mt-LatinModernRoman.cfg 2013/03/13 v1.0 microtype config. file: Latin Mod
ern Roman (RS)
)
\AtBeginShipoutBox=\box62
Package hyperref Info: Link coloring ON on input line 202.
(/usr/share/texlive/texmf-dist/tex/latex/hyperref/nameref.sty
Package: nameref 2019/09/16 v2.46 Cross-referencing by name of section
(/usr/share/texlive/texmf-dist/tex/latex/refcount/refcount.sty
Package: refcount 2019/12/15 v3.6 Data extraction from label references (HO)
) (/usr/share/texlive/texmf-dist/tex/generic/gettitlestring/gettitlestring.sty
Package: gettitlestring 2019/12/15 v1.6 Cleanup title references (HO)
)
\c@section@level=\count309
)
LaTeX Info: Redefining \ref on input line 202.
LaTeX Info: Redefining \pageref on input line 202.
LaTeX Info: Redefining \nameref on input line 202.

Package hyperref Warning: Rerun to get /PageLabels entry.

Package caption Info: Begin \AtBeginDocument code.
Package caption Info: float package is loaded.
Package caption Info: End \AtBeginDocument code.
Package microtype Info: Loading generic protrusion settings for font family
(microtype)             `lmss' (encoding: TU).
(microtype)             For optimal results, create family-specific settings.
(microtype)             See the microtype manual for details.
LaTeX Font Info:    Font shape `TU/latinmodern-math.otf(1)/m/n' will be
(Font)              scaled to size 14.4pt on input line 204.
LaTeX Font Info:    Font shape `TU/latinmodern-math.otf(1)/m/n' will be
(Font)              scaled to size 10.0pt on input line 204.
LaTeX Font Info:    Font shape `TU/latinmodern-math.otf(1)/m/n' will be
(Font)              scaled to size 7.0pt on input line 204.
LaTeX Font Info:    Trying to load font information for OML+lmm on input line 2
04.
(/usr/share/texmf/tex/latex/lm/omllmm.fd
File: omllmm.fd 2009/10/30 v1.6 Font defs for Latin Modern
)
LaTeX Font Info:    Font shape `TU/latinmodern-math.otf(2)/m/n' will be
(Font)              scaled to size 14.4013pt on input line 204.
LaTeX Font Info:    Font shape `TU/latinmodern-math.otf(2)/m/n' will be
(Font)              scaled to size 10.00092pt on input line 204.
LaTeX Font Info:    Font shape `TU/latinmodern-math.otf(2)/m/n' will be
(Font)              scaled to size 7.00064pt on input line 204.
LaTeX Font Info:    Font shape `TU/latinmodern-math.otf(3)/m/n' will be
(Font)              scaled to size 14.39845pt on input line 204.
LaTeX Font Info:    Font shape `TU/latinmodern-math.otf(3)/m/n' will be
(Font)              scaled to size 9.99893pt on input line 204.
LaTeX Font Info:    Font shape `TU/latinmodern-math.otf(3)/m/n' will be
(Font)              scaled to size 6.99925pt on input line 204.
LaTeX Font Info:    Trying to load font information for U+msa on input line 204
.
(/usr/share/texlive/texmf-dist/tex/latex/amsfonts/umsa.fd
File: umsa.fd 2013/01/14 v3.01 AMS symbols A
) (/usr/share/texlive/texmf-dist/tex/latex/microtype/mt-msa.cfg
File: mt-msa.cfg 2006/02/04 v1.1 microtype config. file: AMS symbols (a) (RS)
)
LaTeX Font Info:    Trying to load font information for U+msb on input line 204
.
(/usr/share/texlive/texmf-dist/tex/latex/amsfonts/umsb.fd
File: umsb.fd 2013/01/14 v3.01 AMS symbols B
) (/usr/share/texlive/texmf-dist/tex/latex/microtype/mt-msb.cfg
File: mt-msb.cfg 2005/06/01 v1.0 microtype config. file: AMS symbols (b) (RS)
) [1



]
Package tocbasic Info: character protrusion at toc deactivated on input line 20
9.
\tf@toc=\write4
\openout4 = `index.toc'.

[2

] [3

] [4]
LaTeX Font Info:    Font shape `TU/latinmodern-math.otf(1)/m/n' will be
(Font)              scaled to size 7.665pt on input line 374.
LaTeX Font Info:    Font shape `TU/latinmodern-math.otf(1)/m/n' will be
(Font)              scaled to size 5.475pt on input line 374.
LaTeX Font Info:    Font shape `TU/latinmodern-math.otf(2)/m/n' will be
(Font)              scaled to size 10.95099pt on input line 374.
LaTeX Font Info:    Font shape `TU/latinmodern-math.otf(2)/m/n' will be
(Font)              scaled to size 7.66568pt on input line 374.
LaTeX Font Info:    Font shape `TU/latinmodern-math.otf(2)/m/n' will be
(Font)              scaled to size 5.4755pt on input line 374.
LaTeX Font Info:    Font shape `TU/latinmodern-math.otf(3)/m/n' will be
(Font)              scaled to size 10.94882pt on input line 374.
LaTeX Font Info:    Font shape `TU/latinmodern-math.otf(3)/m/n' will be
(Font)              scaled to size 7.66417pt on input line 374.
LaTeX Font Info:    Font shape `TU/latinmodern-math.otf(3)/m/n' will be
(Font)              scaled to size 5.47441pt on input line 374.
[5] [6]
part I.
Package scrkbase Info: You've told me to use the font selection of the element
(scrkbase)             `partprefix' that is an alias of element `partnumber'
(scrkbase)              on input line 417.
[7

]
part II.
Package scrkbase Info: You've told me to use the font selection of the element
(scrkbase)             `partprefix' that is an alias of element `partnumber'
(scrkbase)              on input line 419.
[8

]
File: images/138.png Graphic file (type bmp)
<images/138.png>
Missing character: There is no 𝜎 in font [lmmono10-regular]:!
[9

]
Underfull \vbox (badness 10000) detected at line 554
 []


Underfull \vbox (badness 10000) detected at line 554
 []

[10]
Underfull \vbox (badness 10000) detected at line 554
 []


Underfull \vbox (badness 10000) detected at line 554
 []

[11] [12]
File: images/139.png Graphic file (type bmp)
<images/139.png>

Overfull \hbox (30.04239pt too wide) in paragraph at lines 563--565
[]
 []

[13

]
Overfull \vbox (61.35286pt too high) has occurred while \output is active []

[14]
Underfull \vbox (badness 10000) detected at line 674
 []


Underfull \vbox (badness 10000) detected at line 674
 []

[15]
Underfull \vbox (badness 10000) detected at line 674
 []


Underfull \vbox (badness 10000) detected at line 674
 []

[16] [17]
File: images/144.png Graphic file (type bmp)
<images/144.png>

Underfull \hbox (badness 10000) in paragraph at lines 683--685
[]
 []

[18

]
Overfull \vbox (61.33081pt too high) has occurred while \output is active []

[19]
Underfull \vbox (badness 10000) detected at line 795
 []


Underfull \vbox (badness 10000) detected at line 795
 []

[20]
Underfull \vbox (badness 10000) detected at line 795
 []


Underfull \vbox (badness 10000) detected at line 795
 []

[21] [22]
File: images/146.png Graphic file (type bmp)
<images/146.png>

Overfull \hbox (130.06322pt too wide) in paragraph at lines 804--806
[]
 []

[23

]
Overfull \vbox (61.35995pt too high) has occurred while \output is active []

[24]
Underfull \vbox (badness 10000) detected at line 918
 []


Underfull \vbox (badness 10000) detected at line 918
 []

[25]
Overfull \vbox (0.89789pt too high) detected at line 918
 []

[26] [27]
File: images/164.png Graphic file (type bmp)
<images/164.png>

Underfull \hbox (badness 10000) in paragraph at lines 927--929
[]
 []

Missing character: There is no τ in font [lmmono10-regular]:!
Missing character: There is no τ in font [lmmono10-regular]:!
Missing character: There is no τ in font [lmmono10-regular]:!
Missing character: There is no τ in font [lmmono10-regular]:!
[28

]
Underfull \vbox (badness 10000) detected at line 1039
 []


Underfull \vbox (badness 10000) detected at line 1039
 []

[29]
Underfull \vbox (badness 10000) detected at line 1039
 []


Underfull \vbox (badness 10000) detected at line 1039
 []

[30] [31]
File: images/165.png Graphic file (type bmp)
<images/165.png>

Underfull \hbox (badness 10000) in paragraph at lines 1048--1050
[] \TU/lmr/m/n/10.95 [Problem
 []

[32

]
Overfull \vbox (61.3287pt too high) has occurred while \output is active []

[33]
Underfull \vbox (badness 10000) detected at line 1159
 []


Underfull \vbox (badness 10000) detected at line 1159
 []

[34]
Underfull \vbox (badness 10000) detected at line 1159
 []


Underfull \vbox (badness 10000) detected at line 1159
 []

[35] [36]
File: images/168.png Graphic file (type bmp)
<images/168.png>
[37

]
Underfull \vbox (badness 10000) detected at line 1291
 []


Underfull \vbox (badness 10000) detected at line 1291
 []

[38]
Underfull \vbox (badness 10000) detected at line 1291
 []


Underfull \vbox (badness 10000) detected at line 1291
 []

[39] [40]
File: images/166.png Graphic file (type bmp)
<images/166.png>

Underfull \hbox (badness 10000) in paragraph at lines 1299--1301
[]
 []

[41

]
Underfull \vbox (badness 10000) detected at line 1408
 []


Underfull \vbox (badness 10000) detected at line 1408
 []

[42]
Underfull \vbox (badness 10000) detected at line 1408
 []


Underfull \vbox (badness 10000) detected at line 1408
 []

[43] [44]
File: images/180.png Graphic file (type bmp)
<images/180.png>
[45

] [46]
Underfull \vbox (badness 10000) detected at line 1540
 []


Underfull \vbox (badness 10000) detected at line 1540
 []

[47] [48]
File: images/169.png Graphic file (type bmp)
<images/169.png>

Underfull \hbox (badness 10000) in paragraph at lines 1548--1550
[]
 []

[49

]
Overfull \vbox (1.82863pt too high) detected at line 1655
 []

[50]
Underfull \vbox (badness 10000) detected at line 1655
 []


Underfull \vbox (badness 10000) detected at line 1655
 []

[51] [52]
File: images/153.png Graphic file (type bmp)
<images/153.png>

Underfull \hbox (badness 10000) in paragraph at lines 1665--1667
[]
 []

[53

]
Underfull \vbox (badness 10000) detected at line 1773
 []


Underfull \vbox (badness 10000) detected at line 1773
 []

[54] [55]
File: images/156.png Graphic file (type bmp)
<images/156.png>

Underfull \hbox (badness 10000) in paragraph at lines 1783--1785
[]
 []

[56

]
Underfull \vbox (badness 10000) detected at line 1894
 []


Underfull \vbox (badness 10000) detected at line 1894
 []

[57]
Underfull \vbox (badness 10000) detected at line 1894
 []


Underfull \vbox (badness 10000) detected at line 1894
 []

[58] [59]
part III.
Package scrkbase Info: You've told me to use the font selection of the element
(scrkbase)             `partprefix' that is an alias of element `partnumber'
(scrkbase)              on input line 1896.
[60

]
File: images/650.png Graphic file (type bmp)
<images/650.png>
Missing character: There is no ε in font [lmmono10-regular]:!
[61

]
Underfull \vbox (badness 10000) detected at line 2021
 []


Underfull \vbox (badness 10000) detected at line 2021
 []

[62]
Underfull \vbox (badness 10000) detected at line 2021
 []


Underfull \vbox (badness 10000) detected at line 2021
 []

[63] [64]
File: images/652.png Graphic file (type bmp)
<images/652.png>
[65

]
Overfull \vbox (0.12044pt too high) detected at line 2136
 []

[66]
Underfull \vbox (badness 10000) detected at line 2136
 []


Underfull \vbox (badness 10000) detected at line 2136
 []

[67] [68]
part IV.
Package scrkbase Info: You've told me to use the font selection of the element
(scrkbase)             `partprefix' that is an alias of element `partnumber'
(scrkbase)              on input line 2138.
[69

]
File: images/188.png Graphic file (type bmp)
<images/188.png>
[70

]
Underfull \vbox (badness 10000) detected at line 2269
 []


Underfull \vbox (badness 10000) detected at line 2269
 []

[71]
Underfull \vbox (badness 10000) detected at line 2269
 []


Underfull \vbox (badness 10000) detected at line 2269
 []

[72] [73]
File: images/194.png Graphic file (type bmp)
<images/194.png>
[74

] [75]
Underfull \vbox (badness 10000) detected at line 2390
 []


Underfull \vbox (badness 10000) detected at line 2390
 []

[76] [77]
File: images/206.png Graphic file (type bmp)
<images/206.png>
[78

]
Underfull \vbox (badness 10000) detected at line 2519
 []


Underfull \vbox (badness 10000) detected at line 2519
 []

[79] [80]
File: images/213.png Graphic file (type bmp)
<images/213.png>

Underfull \hbox (badness 2181) in paragraph at lines 2528--2530
[] \TU/lmr/m/n/10.95 [Problem adapted from ©
 []

[81

]
Underfull \vbox (badness 10000) detected at line 2640
 []


Underfull \vbox (badness 10000) detected at line 2640
 []

[82]
Underfull \vbox (badness 10000) detected at line 2640
 []


Underfull \vbox (badness 10000) detected at line 2640
 []

[83] [84]
File: images/216.png Graphic file (type bmp)
<images/216.png>

Underfull \hbox (badness 10000) in paragraph at lines 2649--2651
[]
 []

Missing character: There is no δ in font [lmmono10-regular]:!
Missing character: There is no δ in font [lmmono10-regular]:!
[85

]
Underfull \vbox (badness 10000) detected at line 2757
 []


Underfull \vbox (badness 10000) detected at line 2757
 []

[86] [87]
Missing character: There is no α in font [lmmono10-regular]:!
[88

]
Underfull \vbox (badness 10000) detected at line 2871
 []


Underfull \vbox (badness 10000) detected at line 2871
 []

[89] [90]
Missing character: There is no α in font [lmmono10-regular]:!
[91

]
Underfull \vbox (badness 10000) detected at line 2985
 []


Underfull \vbox (badness 10000) detected at line 2985
 []

[92] [93]
File: images/204.png Graphic file (type bmp)
<images/204.png>
[94

] [95]
Underfull \vbox (badness 10000) detected at line 3110
 []


Underfull \vbox (badness 10000) detected at line 3110
 []

[96] [97]
File: images/205.png Graphic file (type bmp)
<images/205.png>

Overfull \hbox (946.23686pt too wide) in paragraph at lines 3119--3121
[]
 []

[98

]
Overfull \vbox (57.30566pt too high) has occurred while \output is active []

[99]
Missing character: There is no ε in font [lmmono10-regular]:!

Underfull \vbox (badness 10000) detected at line 3230
 []


Underfull \vbox (badness 10000) detected at line 3230
 []

[100]
Underfull \vbox (badness 10000) detected at line 3230
 []


Underfull \vbox (badness 10000) detected at line 3230
 []

[101] [102]
File: images/208.png Graphic file (type bmp)
<images/208.png>

Overfull \hbox (313.62515pt too wide) in paragraph at lines 3239--3241
[]
 []

[103

]
Overfull \vbox (57.53549pt too high) has occurred while \output is active []

[104]
Underfull \vbox (badness 10000) detected at line 3363
 []


Underfull \vbox (badness 10000) detected at line 3363
 []

[105]
Underfull \vbox (badness 10000) detected at line 3363
 []


Underfull \vbox (badness 10000) detected at line 3363
 []

[106] [107]
File: images/157.png Graphic file (type bmp)
<images/157.png>

Overfull \hbox (491.28046pt too wide) in paragraph at lines 3373--3375
[]
 []

[108

]
Overfull \vbox (62.99237pt too high) has occurred while \output is active []

[109]
Missing character: There is no σ in font [lmmono10-regular]:!
Missing character: There is no σ in font [lmmono10-regular]:!
Missing character: There is no σ in font [lmmono10-regular]:!
Missing character: There is no σ in font [lmmono10-regular]:!
Missing character: There is no σ in font [lmmono10-regular]:!

Underfull \vbox (badness 10000) detected at line 3486
 []


Underfull \vbox (badness 10000) detected at line 3486
 []

[110]
Underfull \vbox (badness 10000) detected at line 3486
 []


Underfull \vbox (badness 10000) detected at line 3486
 []

[111] [112]
part V.
Package scrkbase Info: You've told me to use the font selection of the element
(scrkbase)             `partprefix' that is an alias of element `partnumber'
(scrkbase)              on input line 3488.
[113

]
File: images/664.png Graphic file (type bmp)
<images/664.png>

Underfull \hbox (badness 10000) in paragraph at lines 3497--3499
[]
 []

[114

]
Underfull \vbox (badness 10000) detected at line 3603
 []


Underfull \vbox (badness 10000) detected at line 3603
 []

[115] [116]
File: images/666.png Graphic file (type bmp)
<images/666.png>
[117

]
Underfull \vbox (badness 10000) detected at line 3727
 []


Underfull \vbox (badness 10000) detected at line 3727
 []

[118] [119]
File: images/668.png Graphic file (type bmp)
<images/668.png>
[120

]
Overfull \vbox (2.43088pt too high) detected at line 3853
 []

[121]
Underfull \vbox (badness 10000) detected at line 3853
 []


Underfull \vbox (badness 10000) detected at line 3853
 []

[122] [123]
File: images/183.png Graphic file (type bmp)
<images/183.png>

Underfull \hbox (badness 10000) in paragraph at lines 3862--3864
[]
 []

[124

]
Underfull \vbox (badness 10000) detected at line 3972
 []


Underfull \vbox (badness 10000) detected at line 3972
 []

[125] [126]
File: images/184.png Graphic file (type bmp)
<images/184.png>

Underfull \hbox (badness 10000) in paragraph at lines 3981--3983
[]
 []

[127

]
Underfull \vbox (badness 10000) detected at line 4095
 []


Underfull \vbox (badness 10000) detected at line 4095
 []

[128]
Underfull \vbox (badness 10000) detected at line 4095
 []


Underfull \vbox (badness 10000) detected at line 4095
 []

[129] [130]
File: images/185.png Graphic file (type bmp)
<images/185.png>

Underfull \hbox (badness 10000) in paragraph at lines 4104--4106
[]
 []

[131

]
Underfull \vbox (badness 10000) detected at line 4215
 []


Underfull \vbox (badness 10000) detected at line 4215
 []

[132]
Underfull \vbox (badness 10000) detected at line 4215
 []


Underfull \vbox (badness 10000) detected at line 4215
 []

[133] [134]
File: images/186.png Graphic file (type bmp)
<images/186.png>

Underfull \hbox (badness 10000) in paragraph at lines 4224--4226
[]
 []

[135

]
Underfull \vbox (badness 10000) detected at line 4342
 []


Underfull \vbox (badness 10000) detected at line 4342
 []

[136]
Underfull \vbox (badness 10000) detected at line 4342
 []


Underfull \vbox (badness 10000) detected at line 4342
 []

[137] [138]
File: images/187.png Graphic file (type bmp)
<images/187.png>

Underfull \hbox (badness 10000) in paragraph at lines 4351--4353
[]
 []

[139

]
Underfull \vbox (badness 10000) detected at line 4465
 []


Underfull \vbox (badness 10000) detected at line 4465
 []

[140]
Overfull \vbox (2.43088pt too high) detected at line 4465
 []

[141] [142]
File: images/191.png Graphic file (type bmp)
<images/191.png>

Underfull \hbox (badness 10000) in paragraph at lines 4475--4477
[]
 []

[143

]
Overfull \vbox (2.50754pt too high) detected at line 4593
 []

[144]
Underfull \vbox (badness 10000) detected at line 4593
 []


Underfull \vbox (badness 10000) detected at line 4593
 []

[145] [146]
File: images/192.png Graphic file (type bmp)
<images/192.png>

Underfull \hbox (badness 3849) in paragraph at lines 4603--4605
[] \TU/lmr/m/n/10.95 [Problem adapted from © Kurt
 []

[147

]
Underfull \vbox (badness 10000) detected at line 4716
 []


Underfull \vbox (badness 10000) detected at line 4716
 []

[148]
Underfull \vbox (badness 10000) detected at line 4716
 []


Underfull \vbox (badness 10000) detected at line 4716
 []

[149] [150]
File: images/193.png Graphic file (type bmp)
<images/193.png>

Underfull \hbox (badness 10000) in paragraph at lines 4726--4728
[]
 []

[151

]
Underfull \vbox (badness 10000) detected at line 4841
 []


Underfull \vbox (badness 10000) detected at line 4841
 []

[152]
Underfull \vbox (badness 10000) detected at line 4841
 []


Underfull \vbox (badness 10000) detected at line 4841
 []

[153] [154]
File: images/246.png Graphic file (type bmp)
<images/246.png>

Underfull \hbox (badness 3838) in paragraph at lines 4851--4853
[] \TU/lmr/m/n/10.95 [Problem adapted from © Kurt
 []

[155

]
Underfull \vbox (badness 10000) detected at line 4960
 []


Underfull \vbox (badness 10000) detected at line 4960
 []

[156]
Underfull \vbox (badness 10000) detected at line 4960
 []


Underfull \vbox (badness 10000) detected at line 4960
 []

[157] [158]
File: images/247.png Graphic file (type bmp)
<images/247.png>

Underfull \hbox (badness 10000) in paragraph at lines 4970--4972
[]
 []

[159

]
Overfull \vbox (0.89789pt too high) detected at line 5087
 []

[160]
Underfull \vbox (badness 10000) detected at line 5087
 []


Underfull \vbox (badness 10000) detected at line 5087
 []

[161] [162]
File: images/248.png Graphic file (type bmp)
<images/248.png>

Underfull \hbox (badness 10000) in paragraph at lines 5097--5099
[]
 []

[163

]
Underfull \vbox (badness 10000) detected at line 5210
 []


Underfull \vbox (badness 10000) detected at line 5210
 []

[164]
Underfull \vbox (badness 10000) detected at line 5210
 []


Underfull \vbox (badness 10000) detected at line 5210
 []

[165] [166]
File: images/250.png Graphic file (type bmp)
<images/250.png>
[167

]
Overfull \vbox (0.90883pt too high) detected at line 5339
 []

[168]
Underfull \vbox (badness 10000) detected at line 5339
 []


Underfull \vbox (badness 10000) detected at line 5339
 []

[169] [170]
File: images/222.png Graphic file (type bmp)
<images/222.png>
Missing character: There is no α in font [lmmono10-regular]:!
[171

] [172] [173]
File: images/223.png Graphic file (type bmp)
<images/223.png>
[174

]
Underfull \vbox (badness 10000) detected at line 5582
 []


Underfull \vbox (badness 10000) detected at line 5582
 []

[175]
Underfull \vbox (badness 10000) detected at line 5582
 []


Underfull \vbox (badness 10000) detected at line 5582
 []

[176] [177]
File: images/224.png Graphic file (type bmp)
<images/224.png>

Underfull \hbox (badness 10000) in paragraph at lines 5591--5593
[]
 []

Missing character: There is no α in font [lmmono10-regular]:!
[178

]
Underfull \vbox (badness 10000) detected at line 5707
 []


Underfull \vbox (badness 10000) detected at line 5707
 []

[179] [180] [181]
File: images/225.png Graphic file (type bmp)
<images/225.png>

Underfull \hbox (badness 10000) in paragraph at lines 5716--5718
[]
 []

Missing character: There is no α in font [lmmono10-regular]:!
Missing character: There is no α in font [lmmono10-regular]:!
Missing character: There is no α in font [lmmono10-regular]:!
Missing character: There is no α in font [lmmono10-regular]:!
[182

]
Underfull \vbox (badness 10000) detected at line 5836
 []


Underfull \vbox (badness 10000) detected at line 5836
 []

[183]
Underfull \vbox (badness 10000) detected at line 5836
 []


Underfull \vbox (badness 10000) detected at line 5836
 []

[184] [185]
File: images/226.png Graphic file (type bmp)
<images/226.png>

Underfull \hbox (badness 10000) in paragraph at lines 5845--5847
[]
 []

Missing character: There is no α in font [lmmono10-regular]:!
[186

]
Underfull \vbox (badness 10000) detected at line 5959
 []


Underfull \vbox (badness 10000) detected at line 5959
 []

[187]
Underfull \vbox (badness 10000) detected at line 5959
 []


Underfull \vbox (badness 10000) detected at line 5959
 []

[188] [189]
File: images/249.png Graphic file (type bmp)
<images/249.png>

Underfull \hbox (badness 10000) in paragraph at lines 5968--5970
[]
 []

[190

]
Underfull \vbox (badness 10000) detected at line 6085
 []


Underfull \vbox (badness 10000) detected at line 6085
 []

[191]
Underfull \vbox (badness 10000) detected at line 6085
 []


Underfull \vbox (badness 10000) detected at line 6085
 []

[192] [193]
part VI.
Package scrkbase Info: You've told me to use the font selection of the element
(scrkbase)             `partprefix' that is an alias of element `partnumber'
(scrkbase)              on input line 6087.
[194

]
File: images/265.png Graphic file (type bmp)
<images/265.png>
Missing character: There is no τ in font [lmmono10-regular]:!
[195

]
Underfull \vbox (badness 10000) detected at line 6205
 []


Underfull \vbox (badness 10000) detected at line 6205
 []

[196] [197]
File: images/267.png Graphic file (type bmp)
<images/267.png>
[198

]
Underfull \vbox (badness 10000) detected at line 6327
 []


Underfull \vbox (badness 10000) detected at line 6327
 []

[199]
Underfull \vbox (badness 10000) detected at line 6327
 []


Underfull \vbox (badness 10000) detected at line 6327
 []

[200] [201]
File: images/273.png Graphic file (type bmp)
<images/273.png>

Underfull \hbox (badness 10000) in paragraph at lines 6336--6338
[]
 []

[202

]
Underfull \vbox (badness 10000) detected at line 6454
 []


Underfull \vbox (badness 10000) detected at line 6454
 []

[203]
Underfull \vbox (badness 10000) detected at line 6454
 []


Underfull \vbox (badness 10000) detected at line 6454
 []

[204] [205]
File: images/276.png Graphic file (type bmp)
<images/276.png>
[206

]
Underfull \vbox (badness 10000) detected at line 6585
 []


Underfull \vbox (badness 10000) detected at line 6585
 []

[207]
Underfull \vbox (badness 10000) detected at line 6585
 []


Underfull \vbox (badness 10000) detected at line 6585
 []

[208] [209]
File: images/278.png Graphic file (type bmp)
<images/278.png>

Underfull \hbox (badness 10000) in paragraph at lines 6597--6599
[][]
 []

[210

]
Underfull \vbox (badness 10000) detected at line 6712
 []


Underfull \vbox (badness 10000) detected at line 6712
 []

[211]
Underfull \vbox (badness 10000) detected at line 6712
 []


Underfull \vbox (badness 10000) detected at line 6712
 []

[212] [213]
File: images/266.png Graphic file (type bmp)
<images/266.png>
[214

]
Underfull \vbox (badness 10000) detected at line 6847
 []


Underfull \vbox (badness 10000) detected at line 6847
 []

[215]
Underfull \vbox (badness 10000) detected at line 6847
 []


Underfull \vbox (badness 10000) detected at line 6847
 []

[216] [217]
File: images/268.png Graphic file (type bmp)
<images/268.png>
Missing character: There is no θ in font [lmmono10-regular]:!
[218

]
Underfull \vbox (badness 10000) detected at line 6978
 []


Underfull \vbox (badness 10000) detected at line 6978
 []

[219]
Underfull \vbox (badness 10000) detected at line 6978
 []


Underfull \vbox (badness 10000) detected at line 6978
 []

[220] [221]
File: images/269.png Graphic file (type bmp)
<images/269.png>

Underfull \hbox (badness 10000) in paragraph at lines 6987--6989
[]
 []

[222

]
Underfull \vbox (badness 10000) detected at line 7103
 []


Underfull \vbox (badness 10000) detected at line 7103
 []

[223]
Underfull \vbox (badness 10000) detected at line 7103
 []


Underfull \vbox (badness 10000) detected at line 7103
 []

[224] [225]
File: images/270.png Graphic file (type bmp)
<images/270.png>

Underfull \hbox (badness 10000) in paragraph at lines 7112--7114
[]
 []

[226

]
Underfull \vbox (badness 10000) detected at line 7228
 []


Underfull \vbox (badness 10000) detected at line 7228
 []

[227]
Underfull \vbox (badness 10000) detected at line 7228
 []


Underfull \vbox (badness 10000) detected at line 7228
 []

[228] [229]
File: images/274.png Graphic file (type bmp)
<images/274.png>
[230

] [231]
Underfull \vbox (badness 10000) detected at line 7358
 []


Underfull \vbox (badness 10000) detected at line 7358
 []

[232] [233]
File: images/669.png Graphic file (type bmp)
<images/669.png>

Underfull \hbox (badness 10000) in paragraph at lines 7368--7370
[]
 []

Missing character: There is no ⸱ in font [lmmono10-regular]:!
[234

]
Underfull \vbox (badness 10000) detected at line 7476
 []


Underfull \vbox (badness 10000) detected at line 7476
 []

[235]
Underfull \vbox (badness 10000) detected at line 7476
 []


Underfull \vbox (badness 10000) detected at line 7476
 []

[236] [237]
File: images/670.png Graphic file (type bmp)
<images/670.png>
[238

]
Underfull \vbox (badness 10000) detected at line 7592
 []


Underfull \vbox (badness 10000) detected at line 7592
 []

[239]
Underfull \vbox (badness 10000) detected at line 7592
 []


Underfull \vbox (badness 10000) detected at line 7592
 []

[240] [241]
File: images/287.png Graphic file (type bmp)
<images/287.png>

Underfull \hbox (badness 10000) in paragraph at lines 7602--7604
[]
 []

[242

]
Underfull \vbox (badness 10000) detected at line 7717
 []


Underfull \vbox (badness 10000) detected at line 7717
 []

[243]
Underfull \vbox (badness 10000) detected at line 7717
 []


Underfull \vbox (badness 10000) detected at line 7717
 []

[244] [245]
File: images/288.png Graphic file (type bmp)
<images/288.png>

Underfull \hbox (badness 10000) in paragraph at lines 7727--7729
[]
 []

[246

]
Underfull \vbox (badness 10000) detected at line 7843
 []


Underfull \vbox (badness 10000) detected at line 7843
 []

[247]
Underfull \vbox (badness 10000) detected at line 7843
 []


Underfull \vbox (badness 10000) detected at line 7843
 []

[248] [249]
File: images/289.png Graphic file (type bmp)
<images/289.png>
[250

]
Underfull \vbox (badness 10000) detected at line 7996
 []


Underfull \vbox (badness 10000) detected at line 7996
 []

[251]
Overfull \vbox (0.12044pt too high) detected at line 7996
 []

[252] [253]
File: images/292.png Graphic file (type bmp)
<images/292.png>

Underfull \hbox (badness 10000) in paragraph at lines 8006--8008
[]
 []

[254

]
Underfull \vbox (badness 10000) detected at line 8129
 []


Underfull \vbox (badness 10000) detected at line 8129
 []

[255]
Underfull \vbox (badness 10000) detected at line 8129
 []


Underfull \vbox (badness 10000) detected at line 8129
 []

[256] [257]
File: images/293.png Graphic file (type bmp)
<images/293.png>

Underfull \hbox (badness 10000) in paragraph at lines 8139--8141
[]
 []

[258

]
Underfull \vbox (badness 10000) detected at line 8259
 []


Underfull \vbox (badness 10000) detected at line 8259
 []

[259]
Underfull \vbox (badness 10000) detected at line 8259
 []


Underfull \vbox (badness 10000) detected at line 8259
 []

[260] [261]
part VII.
Package scrkbase Info: You've told me to use the font selection of the element
(scrkbase)             `partprefix' that is an alias of element `partnumber'
(scrkbase)              on input line 8261.
[262

]
File: images/305.png Graphic file (type bmp)
<images/305.png>

Underfull \hbox (badness 10000) in paragraph at lines 8272--8274
[]
 []

[263

]
Underfull \vbox (badness 10000) detected at line 8370
 []


Underfull \vbox (badness 10000) detected at line 8370
 []

[264] [265]
File: images/306.png Graphic file (type bmp)
<images/306.png>

Underfull \hbox (badness 10000) in paragraph at lines 8381--8383
[]
 []

[266

]
Underfull \vbox (badness 10000) detected at line 8488
 []


Underfull \vbox (badness 10000) detected at line 8488
 []

[267]
Underfull \vbox (badness 10000) detected at line 8488
 []


Underfull \vbox (badness 10000) detected at line 8488
 []

[268] [269]
File: images/309.png Graphic file (type bmp)
<images/309.png>

Underfull \hbox (badness 10000) in paragraph at lines 8499--8501
[]
 []

[270

]
Underfull \vbox (badness 10000) detected at line 8600
 []


Underfull \vbox (badness 10000) detected at line 8600
 []

[271]
Overfull \vbox (2.43088pt too high) detected at line 8600
 []

[272] [273]
File: images/318.png Graphic file (type bmp)
<images/318.png>
[274

]
Underfull \vbox (badness 10000) detected at line 8707
 []


Underfull \vbox (badness 10000) detected at line 8707
 []

[275] [276]
File: images/320.png Graphic file (type bmp)
<images/320.png>

Underfull \hbox (badness 10000) in paragraph at lines 8717--8719
[]
 []

[277

]
Underfull \vbox (badness 10000) detected at line 8821
 []


Underfull \vbox (badness 10000) detected at line 8821
 []

[278] [279]
File: images/322.png Graphic file (type bmp)
<images/322.png>

Underfull \hbox (badness 10000) in paragraph at lines 8831--8833
[]
 []

[280

]
Underfull \vbox (badness 10000) detected at line 8948
 []


Underfull \vbox (badness 10000) detected at line 8948
 []

[281]
Underfull \vbox (badness 10000) detected at line 8948
 []


Underfull \vbox (badness 10000) detected at line 8948
 []

[282] [283]
File: images/321.png Graphic file (type bmp)
<images/321.png>

Underfull \hbox (badness 10000) in paragraph at lines 8960--8962
[]
 []

[284

]
Underfull \vbox (badness 10000) detected at line 9075
 []


Underfull \vbox (badness 10000) detected at line 9075
 []

[285]
Underfull \vbox (badness 10000) detected at line 9075
 []


Underfull \vbox (badness 10000) detected at line 9075
 []

[286] [287]
File: images/330.png Graphic file (type bmp)
<images/330.png>

Underfull \hbox (badness 10000) in paragraph at lines 9087--9089
[]
 []

[288

]
Underfull \vbox (badness 10000) detected at line 9193
 []


Underfull \vbox (badness 10000) detected at line 9193
 []

[289]
Underfull \vbox (badness 10000) detected at line 9193
 []


Underfull \vbox (badness 10000) detected at line 9193
 []

[290] [291]
File: images/332.png Graphic file (type bmp)
<images/332.png>

Underfull \hbox (badness 10000) in paragraph at lines 9205--9207
[]
 []

[292

]
Underfull \vbox (badness 10000) detected at line 9313
 []


Underfull \vbox (badness 10000) detected at line 9313
 []

[293]
Overfull \vbox (2.49658pt too high) detected at line 9313
 []

[294] [295]
File: images/333.png Graphic file (type bmp)
<images/333.png>

Underfull \hbox (badness 10000) in paragraph at lines 9325--9327
[]
 []

[296

]
Underfull \vbox (badness 10000) detected at line 9432
 []


Underfull \vbox (badness 10000) detected at line 9432
 []

[297]
Underfull \vbox (badness 10000) detected at line 9432
 []


Underfull \vbox (badness 10000) detected at line 9432
 []

[298] [299]
File: images/334.png Graphic file (type bmp)
<images/334.png>

Underfull \hbox (badness 10000) in paragraph at lines 9444--9446
[]
 []

[300

]
Underfull \vbox (badness 10000) detected at line 9551
 []


Underfull \vbox (badness 10000) detected at line 9551
 []

[301]
Underfull \vbox (badness 10000) detected at line 9551
 []


Underfull \vbox (badness 10000) detected at line 9551
 []

[302] [303]
part VIII.
Package scrkbase Info: You've told me to use the font selection of the element
(scrkbase)             `partprefix' that is an alias of element `partnumber'
(scrkbase)              on input line 9553.
[304

]
File: images/675.png Graphic file (type bmp)
<images/675.png>
[305

]
Underfull \vbox (badness 10000) detected at line 9678
 []


Underfull \vbox (badness 10000) detected at line 9678
 []

[306]
Underfull \vbox (badness 10000) detected at line 9678
 []


Underfull \vbox (badness 10000) detected at line 9678
 []

[307] [308]
File: images/676.png Graphic file (type bmp)
<images/676.png>

Underfull \hbox (badness 10000) in paragraph at lines 9685--9687
[]
 []

[309

] [310]
Underfull \vbox (badness 10000) detected at line 9803
 []


Underfull \vbox (badness 10000) detected at line 9803
 []

[311]
Overfull \vbox (2.43088pt too high) detected at line 9803
 []

[312] [313]
File: images/347.png Graphic file (type bmp)
<images/347.png>

Underfull \hbox (badness 10000) in paragraph at lines 9812--9814
[]
 []

[314

]
Overfull \vbox (57.5053pt too high) has occurred while \output is active []

[315]
Underfull \vbox (badness 10000) detected at line 9939
 []


Underfull \vbox (badness 10000) detected at line 9939
 []

[316]
Underfull \vbox (badness 10000) detected at line 9939
 []


Underfull \vbox (badness 10000) detected at line 9939
 []

[317] [318]
part IX.
Package scrkbase Info: You've told me to use the font selection of the element
(scrkbase)             `partprefix' that is an alias of element `partnumber'
(scrkbase)              on input line 9941.
[319

]
File: images/342.png Graphic file (type bmp)
<images/342.png>

Underfull \hbox (badness 10000) in paragraph at lines 9949--9951
[]
 []

[320

]
Underfull \vbox (badness 10000) detected at line 10065
 []


Underfull \vbox (badness 10000) detected at line 10065
 []

[321]
Underfull \vbox (badness 10000) detected at line 10065
 []


Underfull \vbox (badness 10000) detected at line 10065
 []

[322] [323]
File: images/343.png Graphic file (type bmp)
<images/343.png>

Underfull \hbox (badness 10000) in paragraph at lines 10073--10075
[]
 []

[324

]
Underfull \vbox (badness 10000) detected at line 10197
 []


Underfull \vbox (badness 10000) detected at line 10197
 []

[325]
Underfull \vbox (badness 10000) detected at line 10197
 []


Underfull \vbox (badness 10000) detected at line 10197
 []

[326] [327]
File: images/344.png Graphic file (type bmp)
<images/344.png>
[328

]
Underfull \vbox (badness 10000) detected at line 10330
 []


Underfull \vbox (badness 10000) detected at line 10330
 []

[329]
Underfull \vbox (badness 10000) detected at line 10330
 []


Underfull \vbox (badness 10000) detected at line 10330
 []

[330] [331]
File: images/345.png Graphic file (type bmp)
<images/345.png>

Underfull \hbox (badness 10000) in paragraph at lines 10338--10340
[]
 []

[332

]
Underfull \vbox (badness 10000) detected at line 10453
 []


Underfull \vbox (badness 10000) detected at line 10453
 []

[333]
Underfull \vbox (badness 10000) detected at line 10453
 []


Underfull \vbox (badness 10000) detected at line 10453
 []

[334] [335]
File: images/346.png Graphic file (type bmp)
<images/346.png>
[336

] [337] [338]
Underfull \vbox (badness 10000) detected at line 10580
 []


Underfull \vbox (badness 10000) detected at line 10580
 []

[339] [340]
File: images/360.png Graphic file (type bmp)
<images/360.png>

Underfull \hbox (badness 10000) in paragraph at lines 10587--10589
[]
 []

[341

]
Underfull \vbox (badness 10000) detected at line 10700
 []


Underfull \vbox (badness 10000) detected at line 10700
 []

[342]
Underfull \vbox (badness 10000) detected at line 10700
 []


Underfull \vbox (badness 10000) detected at line 10700
 []

[343] [344]
File: images/364.png Graphic file (type bmp)
<images/364.png>

Underfull \hbox (badness 10000) in paragraph at lines 10707--10709
[]
 []

Missing character: There is no σ in font [lmmono10-regular]:!
[345

]
Underfull \vbox (badness 10000) detected at line 10849
 []


Underfull \vbox (badness 10000) detected at line 10849
 []

[346]
Underfull \vbox (badness 10000) detected at line 10849
 []


Underfull \vbox (badness 10000) detected at line 10849
 []

[347] [348]
File: images/365.png Graphic file (type bmp)
<images/365.png>

Underfull \hbox (badness 10000) in paragraph at lines 10856--10858
[]
 []

Missing character: There is no σ in font [lmmono10-regular]:!
[349

]
Underfull \vbox (badness 10000) detected at line 11000
 []


Underfull \vbox (badness 10000) detected at line 11000
 []

[350]
Underfull \vbox (badness 10000) detected at line 11000
 []


Underfull \vbox (badness 10000) detected at line 11000
 []

[351]
Underfull \vbox (badness 10000) detected at line 11000
 []


Underfull \vbox (badness 10000) detected at line 11000
 []

[352] [353]
File: images/366.png Graphic file (type bmp)
<images/366.png>

Underfull \hbox (badness 10000) in paragraph at lines 11007--11009
[]
 []

[354

]
Underfull \vbox (badness 10000) detected at line 11153
 []


Underfull \vbox (badness 10000) detected at line 11153
 []

[355]
Underfull \vbox (badness 10000) detected at line 11153
 []


Underfull \vbox (badness 10000) detected at line 11153
 []

[356]
Underfull \vbox (badness 10000) detected at line 11153
 []


Underfull \vbox (badness 10000) detected at line 11153
 []

[357] [358]
File: images/367.png Graphic file (type bmp)
<images/367.png>
[359

] [360]
Underfull \vbox (badness 10000) detected at line 11321
 []


Underfull \vbox (badness 10000) detected at line 11321
 []

[361]
Overfull \vbox (2.43088pt too high) detected at line 11321
 []

[362] [363]
File: images/480.png Graphic file (type bmp)
<images/480.png>
[364

]
Overfull \vbox (2.43088pt too high) detected at line 11455
 []

[365]
Underfull \vbox (badness 10000) detected at line 11455
 []


Underfull \vbox (badness 10000) detected at line 11455
 []

[366] [367]
File: images/483.png Graphic file (type bmp)
<images/483.png>

Underfull \hbox (badness 10000) in paragraph at lines 11464--11466
[]
 []

[368

]
Underfull \vbox (badness 10000) detected at line 11577
 []


Underfull \vbox (badness 10000) detected at line 11577
 []

[369]
Underfull \vbox (badness 10000) detected at line 11577
 []


Underfull \vbox (badness 10000) detected at line 11577
 []

[370] [371]
File: images/484.png Graphic file (type bmp)
<images/484.png>

Underfull \hbox (badness 10000) in paragraph at lines 11586--11589
[]
 []

[372

]
Underfull \vbox (badness 10000) detected at line 11702
 []


Underfull \vbox (badness 10000) detected at line 11702
 []

[373]
Underfull \vbox (badness 10000) detected at line 11702
 []


Underfull \vbox (badness 10000) detected at line 11702
 []

[374] [375]
File: images/490.png Graphic file (type bmp)
<images/490.png>

Underfull \hbox (badness 10000) in paragraph at lines 11711--11713
[]
 []

[376

]
Underfull \vbox (badness 10000) detected at line 11829
 []


Underfull \vbox (badness 10000) detected at line 11829
 []

[377]
Underfull \vbox (badness 10000) detected at line 11829
 []


Underfull \vbox (badness 10000) detected at line 11829
 []

[378] [379]
part X.
Package scrkbase Info: You've told me to use the font selection of the element
(scrkbase)             `partprefix' that is an alias of element `partnumber'
(scrkbase)              on input line 11831.
[380

]
File: images/680.png Graphic file (type bmp)
<images/680.png>

Underfull \hbox (badness 10000) in paragraph at lines 11840--11842
[]
 []

[381

]
Overfull \vbox (13.80223pt too high) has occurred while \output is active []

[382]
Underfull \vbox (badness 10000) detected at line 11942
 []


Underfull \vbox (badness 10000) detected at line 11942
 []

[383]
Underfull \vbox (badness 10000) detected at line 11942
 []


Underfull \vbox (badness 10000) detected at line 11942
 []

[384] [385]
File: images/369.png Graphic file (type bmp)
<images/369.png>

Underfull \hbox (badness 10000) in paragraph at lines 11950--11952
[]
 []

[386

]
Overfull \vbox (1.82863pt too high) detected at line 12061
 []

[387] [388]
File: images/370.png Graphic file (type bmp)
<images/370.png>

Underfull \hbox (badness 10000) in paragraph at lines 12069--12071
[]
 []

[389

]
Underfull \vbox (badness 10000) detected at line 12182
 []


Underfull \vbox (badness 10000) detected at line 12182
 []

[390]
Underfull \vbox (badness 10000) detected at line 12182
 []


Underfull \vbox (badness 10000) detected at line 12182
 []

[391] [392]
File: images/371.png Graphic file (type bmp)
<images/371.png>

Underfull \hbox (badness 10000) in paragraph at lines 12190--12192
[]
 []

[393

]
Underfull \vbox (badness 10000) detected at line 12304
 []


Underfull \vbox (badness 10000) detected at line 12304
 []

[394]
Underfull \vbox (badness 10000) detected at line 12304
 []


Underfull \vbox (badness 10000) detected at line 12304
 []

[395] [396]
File: images/372.png Graphic file (type bmp)
<images/372.png>
[397

]
Underfull \vbox (badness 10000) detected at line 12434
 []


Underfull \vbox (badness 10000) detected at line 12434
 []

[398]
Underfull \vbox (badness 10000) detected at line 12434
 []


Underfull \vbox (badness 10000) detected at line 12434
 []

[399] [400]
File: images/373.png Graphic file (type bmp)
<images/373.png>

Underfull \hbox (badness 10000) in paragraph at lines 12442--12444
[]
 []

[401

]
Underfull \vbox (badness 10000) detected at line 12554
 []


Underfull \vbox (badness 10000) detected at line 12554
 []

[402]
Underfull \vbox (badness 10000) detected at line 12554
 []


Underfull \vbox (badness 10000) detected at line 12554
 []

[403] [404]
File: images/380.png Graphic file (type bmp)
<images/380.png>

Underfull \hbox (badness 10000) in paragraph at lines 12561--12563
[]
 []

[405

]
Overfull \vbox (0.12044pt too high) detected at line 12674
 []

[406] [407]
File: images/381.png Graphic file (type bmp)
<images/381.png>

Underfull \hbox (badness 10000) in paragraph at lines 12681--12683
[]
 []

[408

]
Underfull \vbox (badness 10000) detected at line 12798
 []


Underfull \vbox (badness 10000) detected at line 12798
 []

[409]
Underfull \vbox (badness 10000) detected at line 12798
 []


Underfull \vbox (badness 10000) detected at line 12798
 []

[410] [411]
File: images/382.png Graphic file (type bmp)
<images/382.png>

Underfull \hbox (badness 10000) in paragraph at lines 12805--12807
[]
 []

[412

]
Underfull \vbox (badness 10000) detected at line 12916
 []


Underfull \vbox (badness 10000) detected at line 12916
 []

[413]
Underfull \vbox (badness 10000) detected at line 12916
 []


Underfull \vbox (badness 10000) detected at line 12916
 []

[414] [415]
File: images/384.png Graphic file (type bmp)
<images/384.png>
[416

]
Underfull \vbox (badness 10000) detected at line 13040
 []


Underfull \vbox (badness 10000) detected at line 13040
 []

[417]
Overfull \vbox (2.49658pt too high) detected at line 13040
 []

[418] [419]
File: images/385.png Graphic file (type bmp)
<images/385.png>
[420

]
Underfull \vbox (badness 10000) detected at line 13162
 []


Underfull \vbox (badness 10000) detected at line 13162
 []

[421]
Overfull \vbox (2.49658pt too high) detected at line 13162
 []

[422] [423]
part XI.
Package scrkbase Info: You've told me to use the font selection of the element
(scrkbase)             `partprefix' that is an alias of element `partnumber'
(scrkbase)              on input line 13164.
[424

]
File: images/391.png Graphic file (type bmp)
<images/391.png>

Underfull \hbox (badness 10000) in paragraph at lines 13174--13176
[]
 []

[425

]
Underfull \vbox (badness 10000) detected at line 13283
 []


Underfull \vbox (badness 10000) detected at line 13283
 []

[426]
Underfull \vbox (badness 10000) detected at line 13283
 []


Underfull \vbox (badness 10000) detected at line 13283
 []

[427] [428]
File: images/392.png Graphic file (type bmp)
<images/392.png>

Underfull \hbox (badness 10000) in paragraph at lines 13293--13295
[]
 []

[429

]
Underfull \vbox (badness 10000) detected at line 13402
 []


Underfull \vbox (badness 10000) detected at line 13402
 []

[430]
Underfull \vbox (badness 10000) detected at line 13402
 []


Underfull \vbox (badness 10000) detected at line 13402
 []

[431] [432]
File: images/393.png Graphic file (type bmp)
<images/393.png>

Underfull \hbox (badness 10000) in paragraph at lines 13412--13414
[]
 []

[433

]
Overfull \vbox (0.90883pt too high) detected at line 13522
 []

[434]
Underfull \vbox (badness 10000) detected at line 13522
 []


Underfull \vbox (badness 10000) detected at line 13522
 []

[435] [436]
File: images/394.png Graphic file (type bmp)
<images/394.png>

Underfull \hbox (badness 10000) in paragraph at lines 13532--13534
[]
 []

[437

]
Underfull \vbox (badness 10000) detected at line 13639
 []


Underfull \vbox (badness 10000) detected at line 13639
 []

[438] [439]
File: images/396.png Graphic file (type bmp)
<images/396.png>

Underfull \hbox (badness 10000) in paragraph at lines 13649--13651
[]
 []

[440

]
Underfull \vbox (badness 10000) detected at line 13758
 []


Underfull \vbox (badness 10000) detected at line 13758
 []

[441]
Underfull \vbox (badness 10000) detected at line 13758
 []


Underfull \vbox (badness 10000) detected at line 13758
 []

[442] [443]
File: images/404.png Graphic file (type bmp)
<images/404.png>

Underfull \hbox (badness 10000) in paragraph at lines 13768--13770
[]
 []

[444

]
Underfull \vbox (badness 10000) detected at line 13877
 []


Underfull \vbox (badness 10000) detected at line 13877
 []

[445]
Underfull \vbox (badness 10000) detected at line 13877
 []


Underfull \vbox (badness 10000) detected at line 13877
 []

[446] [447]
File: images/405.png Graphic file (type bmp)
<images/405.png>

Underfull \hbox (badness 10000) in paragraph at lines 13887--13889
[]
 []

[448

]
Underfull \vbox (badness 10000) detected at line 13996
 []


Underfull \vbox (badness 10000) detected at line 13996
 []

[449]
Underfull \vbox (badness 10000) detected at line 13996
 []


Underfull \vbox (badness 10000) detected at line 13996
 []

[450] [451]
File: images/406.png Graphic file (type bmp)
<images/406.png>

Underfull \hbox (badness 10000) in paragraph at lines 14006--14008
[]
 []

[452

] [453]
Underfull \vbox (badness 10000) detected at line 14115
 []


Underfull \vbox (badness 10000) detected at line 14115
 []

[454] [455]
File: images/417.png Graphic file (type bmp)
<images/417.png>

Underfull \hbox (badness 10000) in paragraph at lines 14124--14126
[]
 []

[456

]
Underfull \vbox (badness 10000) detected at line 14234
 []


Underfull \vbox (badness 10000) detected at line 14234
 []

[457]
Underfull \vbox (badness 10000) detected at line 14234
 []


Underfull \vbox (badness 10000) detected at line 14234
 []

[458] [459]
File: images/419.png Graphic file (type bmp)
<images/419.png>

Underfull \hbox (badness 10000) in paragraph at lines 14243--14245
[]
 []

[460

]
Overfull \vbox (1.82863pt too high) detected at line 14355
 []

[461]
Underfull \vbox (badness 10000) detected at line 14355
 []


Underfull \vbox (badness 10000) detected at line 14355
 []

[462] [463]
File: images/420.png Graphic file (type bmp)
<images/420.png>

Underfull \hbox (badness 10000) in paragraph at lines 14364--14366
[]
 []

[464

]
Underfull \vbox (badness 10000) detected at line 14474
 []


Underfull \vbox (badness 10000) detected at line 14474
 []

[465]
Underfull \vbox (badness 10000) detected at line 14474
 []


Underfull \vbox (badness 10000) detected at line 14474
 []

[466] [467]
File: images/421.png Graphic file (type bmp)
<images/421.png>

Underfull \hbox (badness 10000) in paragraph at lines 14483--14485
[]
 []

[468

]
Underfull \vbox (badness 10000) detected at line 14591
 []


Underfull \vbox (badness 10000) detected at line 14591
 []

[469]
Underfull \vbox (badness 10000) detected at line 14591
 []


Underfull \vbox (badness 10000) detected at line 14591
 []

[470] [471]
File: images/422.png Graphic file (type bmp)
<images/422.png>

Underfull \hbox (badness 10000) in paragraph at lines 14600--14602
[]
 []

[472

]
Overfull \vbox (0.90883pt too high) detected at line 14712
 []

[473]
Underfull \vbox (badness 10000) detected at line 14712
 []


Underfull \vbox (badness 10000) detected at line 14712
 []

[474] [475]
File: images/436.png Graphic file (type bmp)
<images/436.png>

Underfull \hbox (badness 10000) in paragraph at lines 14722--14724
[]
 []

[476

]
Underfull \vbox (badness 10000) detected at line 14834
 []


Underfull \vbox (badness 10000) detected at line 14834
 []

[477]
Underfull \vbox (badness 10000) detected at line 14834
 []


Underfull \vbox (badness 10000) detected at line 14834
 []

[478] [479]
File: images/437.png Graphic file (type bmp)
<images/437.png>
[480

]
Underfull \vbox (badness 10000) detected at line 14956
 []


Underfull \vbox (badness 10000) detected at line 14956
 []

[481]
Underfull \vbox (badness 10000) detected at line 14956
 []


Underfull \vbox (badness 10000) detected at line 14956
 []

[482] [483]
File: images/438.png Graphic file (type bmp)
<images/438.png>

Underfull \hbox (badness 10000) in paragraph at lines 14966--14968
[]
 []

[484

]
Underfull \vbox (badness 10000) detected at line 15080
 []


Underfull \vbox (badness 10000) detected at line 15080
 []

[485]
Underfull \vbox (badness 10000) detected at line 15080
 []


Underfull \vbox (badness 10000) detected at line 15080
 []

[486] [487]
File: images/439.png Graphic file (type bmp)
<images/439.png>

Underfull \hbox (badness 10000) in paragraph at lines 15090--15092
[]
 []

[488

]
Underfull \vbox (badness 10000) detected at line 15199
 []


Underfull \vbox (badness 10000) detected at line 15199
 []

[489]
Underfull \vbox (badness 10000) detected at line 15199
 []


Underfull \vbox (badness 10000) detected at line 15199
 []

[490] [491]
File: images/440.png Graphic file (type bmp)
<images/440.png>

Underfull \hbox (badness 10000) in paragraph at lines 15209--15211
[]
 []

[492

]
Underfull \vbox (badness 10000) detected at line 15318
 []


Underfull \vbox (badness 10000) detected at line 15318
 []

[493]
Underfull \vbox (badness 10000) detected at line 15318
 []


Underfull \vbox (badness 10000) detected at line 15318
 []

[494] [495]
Missing character: There is no ω in font [lmmono10-regular]:!
Missing character: There is no σ in font [lmmono10-regular]:!
Missing character: There is no τ in font [lmmono10-regular]:!
Missing character: There is no ω in font [lmmono10-regular]:!
[496

]
Underfull \vbox (badness 10000) detected at line 15435
 []


Underfull \vbox (badness 10000) detected at line 15435
 []

[497] [498]
File: images/682.png Graphic file (type bmp)
<images/682.png>

Underfull \hbox (badness 10000) in paragraph at lines 15444--15446
[]
 []

[499

]
Overfull \vbox (46.057pt too high) has occurred while \output is active []

[500]
Missing character: There is no ω in font [lmmono10-regular]:!
Missing character: There is no σ in font [lmmono10-regular]:!
Missing character: There is no τ in font [lmmono10-regular]:!

Underfull \vbox (badness 10000) detected at line 15555
 []


Underfull \vbox (badness 10000) detected at line 15555
 []

[501]
Underfull \vbox (badness 10000) detected at line 15555
 []


Underfull \vbox (badness 10000) detected at line 15555
 []

[502] [503]
File: images/684.png Graphic file (type bmp)
<images/684.png>

Underfull \hbox (badness 10000) in paragraph at lines 15564--15566
[]
 []

Missing character: There is no σ in font [lmmono10-regular]:!
Missing character: There is no τ in font [lmmono10-regular]:!
[504

]
Underfull \vbox (badness 10000) detected at line 15676
 []


Underfull \vbox (badness 10000) detected at line 15676
 []

[505]
Underfull \vbox (badness 10000) detected at line 15676
 []


Underfull \vbox (badness 10000) detected at line 15676
 []

[506] [507]
part XII.
Package scrkbase Info: You've told me to use the font selection of the element
(scrkbase)             `partprefix' that is an alias of element `partnumber'
(scrkbase)              on input line 15678.
[508

]
File: images/498.png Graphic file (type bmp)
<images/498.png>

Underfull \hbox (badness 10000) in paragraph at lines 15685--15687
[]
 []

[509

]
Missing character: There is no σ in font [lmmono10-regular]:!
Missing character: There is no σ in font [lmmono10-regular]:!
Missing character: There is no τ in font [lmmono10-regular]:!

Underfull \vbox (badness 10000) detected at line 15795
 []


Underfull \vbox (badness 10000) detected at line 15795
 []

[510]
Underfull \vbox (badness 10000) detected at line 15795
 []


Underfull \vbox (badness 10000) detected at line 15795
 []

[511] [512]
File: images/499.png Graphic file (type bmp)
<images/499.png>

Underfull \hbox (badness 10000) in paragraph at lines 15802--15804
[]
 []

Missing character: There is no σ in font [lmmono10-regular]:!
Missing character: There is no σ in font [lmmono10-regular]:!
Missing character: There is no τ in font [lmmono10-regular]:!
[513

]
Underfull \vbox (badness 10000) detected at line 15913
 []


Underfull \vbox (badness 10000) detected at line 15913
 []

[514]
Underfull \vbox (badness 10000) detected at line 15913
 []


Underfull \vbox (badness 10000) detected at line 15913
 []

[515] [516]
File: images/500.png Graphic file (type bmp)
<images/500.png>

Underfull \hbox (badness 10000) in paragraph at lines 15920--15922
[]
 []

[517

]
Missing character: There is no σ in font [lmmono10-regular]:!
Missing character: There is no σ in font [lmmono10-regular]:!
Missing character: There is no τ in font [lmmono10-regular]:!

Underfull \vbox (badness 10000) detected at line 16018
 []


Underfull \vbox (badness 10000) detected at line 16018
 []

[518]
Underfull \vbox (badness 10000) detected at line 16018
 []


Underfull \vbox (badness 10000) detected at line 16018
 []

[519] [520]
File: images/501.png Graphic file (type bmp)
<images/501.png>

Underfull \hbox (badness 10000) in paragraph at lines 16025--16027
[]
 []

Missing character: There is no σ in font [lmmono10-regular]:!
Missing character: There is no σ in font [lmmono10-regular]:!
Missing character: There is no τ in font [lmmono10-regular]:!
[521

]
Underfull \vbox (badness 10000) detected at line 16123
 []


Underfull \vbox (badness 10000) detected at line 16123
 []

[522]
Underfull \vbox (badness 10000) detected at line 16123
 []


Underfull \vbox (badness 10000) detected at line 16123
 []

[523] [524]
File: images/502.png Graphic file (type bmp)
<images/502.png>

Underfull \hbox (badness 10000) in paragraph at lines 16130--16132
[]
 []

Missing character: There is no σ in font [lmmono10-regular]:!
Missing character: There is no σ in font [lmmono10-regular]:!
Missing character: There is no τ in font [lmmono10-regular]:!
[525

]
Underfull \vbox (badness 10000) detected at line 16228
 []


Underfull \vbox (badness 10000) detected at line 16228
 []

[526]
Underfull \vbox (badness 10000) detected at line 16228
 []


Underfull \vbox (badness 10000) detected at line 16228
 []

[527] [528]
File: images/508.png Graphic file (type bmp)
<images/508.png>

Underfull \hbox (badness 10000) in paragraph at lines 16237--16239
[]
 []

[529

]
Missing character: There is no σ in font [lmmono10-regular]:!
Missing character: There is no σ in font [lmmono10-regular]:!
Missing character: There is no σ in font [lmmono10-regular]:!
Missing character: There is no τ in font [lmmono10-regular]:!
Missing character: There is no σ in font [lmmono10-regular]:!

Underfull \vbox (badness 10000) detected at line 16332
 []


Underfull \vbox (badness 10000) detected at line 16332
 []

[530]
Overfull \vbox (2.43088pt too high) detected at line 16332
 []

[531] [532]
File: images/510.png Graphic file (type bmp)
<images/510.png>

Underfull \hbox (badness 10000) in paragraph at lines 16341--16343
[]
 []

Missing character: There is no σ in font [lmmono10-regular]:!
Missing character: There is no σ in font [lmmono10-regular]:!
Missing character: There is no τ in font [lmmono10-regular]:!
[533

]
Underfull \vbox (badness 10000) detected at line 16436
 []


Underfull \vbox (badness 10000) detected at line 16436
 []

[534]
Overfull \vbox (2.43088pt too high) detected at line 16436
 []

[535] [536]

LaTeX Warning: File `images/510.pdf' not found on input line 16447.

! Unable to load picture or PDF file 'images/510.pdf'.
<to be read again> 
                   }
l.16447 ...phics[keepaspectratio]{images/510.pdf}}
                                                   
Here is how much of TeX's memory you used:
 24182 strings out of 479819
 438856 string characters out of 5895846
 999404 words of memory out of 5000000
 40856 multiletter control sequences out of 15000+600000
 538761 words of font info for 73 fonts, out of 8000000 for 9000
 1348 hyphenation exceptions out of 8191
 58i,8n,115p,10100b,432s stack positions out of 5000i,500n,10000p,200000b,80000s

Output written on index.pdf (536 pages).
